[    0.00000 Iitializing cgroup subsys cpuset
[    0.000000] Initializing cgroup subsys cpu
[    0.000000] Initializing cgroup subsys cpuacct
[    0.000000] Linux version 4.4.0-140-generic (buildd@lcy01-amd64-006) (gcc version 5.4.0 20160609 (Ubuntu 5.4.0-6ubuntu16..10) ) #166-Ubuntu SMP Wed Nov 14 20:09:47 UTC 2018 (Ubuntu 4.4.0-140.166-generic 4.4.162)
[    0.000000] Command line: BOOT_IMAGE=/boot/vmlinuz-4.4.0-140-generic root=LABEL=cloudimg-rootfs ro console=tty1 console=ttyS0
[   0.0000]KENE suprt cus:
[   .0000]  Intl nunentel
[   .0000]  A AhenticAM
  .00000] Ctaur CeauHauls
[    0.00000] x6/u: xstat_ofs[2:  76xsat_sizes2] 26
[    .000 x86/fu:uportig XAV fatre x0: x8 foatngpot registrs
[   0.000000] x86/fpu: SupportngSAE feur0x02:'SSE rgiers'
[    0.000000] x86/fpu: Supporting XSAVE feature 0x04: 'AVX registers'
[    0.000000] x86/fpu: Enable xat ftus 0x7 cte size is 2 te, usi 'andardfoat
[  00000] 20BIS-proid pysica R mp:
  .000000] BIOS-e820: [mem 0x0000000000000000-0x000000000009fbff] usable
[    0.000000] BIOS-e820: [mem 0x000000000009fc00-0x000000000009fff]esrvd    0000]BIOS-e0:me 0x0000000000000x000000000fff] esve
[    0000 BIOS-20[mm 0x0000001000-0000000017eff]usabe   00000BIOS-e820: [mem 0x0000000017ff0000-0x0000000017ffffff] ACPI data
[    0.000000] BIOS-e820: [mem 0x00000000fec00000-0x00000000fec00fff] reserve
[   0.00000 BS-82 [m x0000fee000000x000000fee00fff] reserved
[  .000 BOS-e0:me 0x0000ffc00-0000000ffffffff] reserved
[    0.000000] NX (Execute Disable) protection: active
[    0.000000] SMBIOS 2.5 present.
[    0.000000] Hypervisor detected: KVM
[    0.000000] e820: last_pfn = 0x17ff0 max_arch_pfn = 0x400000000
[    0.000000] MTRR: Disabled
[    0.000000] x86/PAT: MTRRs disabled, skipping PAT initialization too.
[    0.000000] CPU MTRRs all blank - virtualized system.
[    0.000000] x86/PAT: Configuration [0-7]: WB  WT  UC- UC  WB  WT  UC-UC 
[   .0000]founSMMPtablatme 0x000ff0x009fff] pped a[ff88000ff]
[    0000] Scni 1 ars r lowmerycoruio
[    0.000] MDISK: [m 168db00-17ffff][  0.00000]CP Early table checksum eriction diabd[  000000] AI:RS 0000000000E0000 000024 (v02 VBOX  )
[   0.00000ACI: XSD0x0000170030 00 (v0 VX VBOXXSDT00001 SL  0061
[    0000]ACPI: FACP 0x0000000FF0F0 000F(v VBOX  VBFAP 00001AS  00061)   0.000000] CP DT 0x0000000017FF0480 0021FF (v02 VBOX   VBOXBIOS 00000002 INTL 20180105)
[    0.000000] ACPI: FACS 0x0000000017FF0200 000040
[    0.000000] ACPI: FACS 0x0000000017FF0200 000040
[    0.000000] ACPI: APIC 0x0000000017FF0240 00006C (v02 VBOX   VBOXAPIC 00000001 ASL  00000061)
[    0.000000] ACPI: SSDT 0x0000000017FF02B0 0001CC (v01 VBOX   VBOXUT000002 INL 0110)
[   0.0000] No NA nfguratn und
[   0.0000 Faking a node at [mem 0x000000000000-0x000001effff][   0000]NODEAT0) aoced[mm 17b000-0x17feffff]
[    0.000000] kvm-clock: Using msrs 4b4d ad 4b564d00[    0.000000] kvm-clock: cpu 0, msr 0:17fe3001, primary cpu clock
[    0.000000] kvm-clock: using sched offset of 3336521548 cycles
[    0.000000] clocksource: kvm-clock: mask: 0xffffffffffffffff max_cycles: 0x1cd42e4dffb, max_idle_ns: 881590591483 ns
[    0.000000] Zone ranges:
[    0.00000] DA     [m 00000000100-00000000fff][    0000]  D32   [mem 0x0000000000x000007feff][    0.00]   Norl emty  0.0000] Dvic  mp
[    0.000000 Mvalezoe start for each node
[    0.000000] Early memory node ranges
[    0.000000]   node   0: [mem 0x0000000000001000-0x000000000009efff]
[    0.000000]   node   0: [mem 0x0000000000100000-0x0000000017feffff]
[    0.000000] Initmem setup node 0 [mem 0x0000000000001000-0x0000000017feffff]
[    0.000000] ACPI: PM-Timer IO Port: 0x4008
[    0.000000] IOAPIC[0]: apic_id 4, version 32, address 0xfec00000, GSI 0-23
[    0.000000] ACPI: INT_SRC_OVR (bus 0 bus_irq 0 global_irq 2 dfl dfl)
[    0.000000] ACPI: INT_SRC_OVR (bus 0 bus_irq 9 global_irq 9 low level)
[    0.000000] Using ACPI (MADT) for SMP configuration information
[    0.0000smboot: llin 4 PU 0otplug PU
[   0.00000 P Registeredose meor [em 0x00000000-0x00000fff]
[    0.00000PM: Rgierd nosvemery: [mem 0x009000x09ff]
  0.0000] : gistered nosave memory: [mem 0x000a0000-0x000effff]
[    0.000000] PM: Registered nosave memory: [mem 0x000f0000-0x000fffff]
[   00000 e0:mem 01800-0xfebffffavilblfoPCI dvis[  00000] Botg aravitualized rnl on VM[   0.00000]loksourc: refine-jffiesma: xffff max_ycs:0xffffffff, max_idle_ns: 7645519600211568 ns
[    0.000000] setup_percpu: NR_CPUS:512 nr_cpumask_bits:512 nrcpids:4 nnoe_s:
[    0000] PERU:mbdded4 ges/cpuff88001000 99608r82 31464 u524288[  0000000] V spnlck hash tbl eris: 256 (rdr:0,406 bytes
[  .0000] Blt 1oniss in od oer, bitygroupngn. Totalpas:6632
[   00000] Pli ze: DMA3
  0.00000]erne commandli: BOO_IGE/botmlnuz-4.140-gnec oot=LAL=oudimg-rootfs ro console=tt csole=ty
   0.00000] D hash table entries: 208 rdr:2, 16384 byte
   0.000]emory 332/39260avilbl(864 kne ce,314K da, 40K data, 128 it, 1316K bss, 40436K reserved, 0K cma-reserved)
[    0.000000] SLUB: HWalign=64, Order=0-3, MinObjects=0, CPUs=4, Nodes=1
[    0.000000] Kernel/User page tables isolation: enabled
[    0.000000] Hierarchical RCU implementation.
[   00000] 	ui-te adjustmntoflef fanoutto64
   00000	RCU resriin CUs ro NCPS=512 to n_c_i=4.
[    00000 RCUAdstin gmeryforc_fano_lf=64, nr_u_s=4
  0.0000] N_IS:3024 nr_irqs:45616[   0.000000] Console: colour VGA+ 80x25
[    0.000000] console [tty1] enabled
[    0.0000]cool[ttyS0]enle
[    0.000000] tsc: Detected 3664.168 MHz processor
[   12.530318] Calibrating delay loop (skipped) preset value.. 7328.33 BogoMIPS (lpj=14656672)
[   12.586610] pid_max: default: 32768 minimum: 301
[   12.683652] ACPI: Core revision 20150930
[   12.772289] ACPI: 2 ACPI AML tables successfully acquired and loaded
[   12.803776] Security Framework initialized
[   12.804428] Yama: becoming mindful.
[   12.819120] AppArmor: AppArmor initialized
[   12.825066] Dentry cache hash table entries: 65536 (order: 7, 524288 bytes)
[   12.837558] Inode-cache hash table entries: 32768 (order: 6, 262144 bytes)
[   12.906063] Mount-cache hash table entries: 1024 (order: 1, 8192 bytes)
[   12.974901] Mountpoint-cache hash table entries: 1024 (order: 1, 8192 bytes)
[   12.987527] Initializing cgroup subsys io
[   13.038758] Initializing cgroup subsys memory
[   13.051205] Initializing cgroup subsys devices
[   13.055293] Initializing cgroup subsys freezer
[   13.059297] Initializing cgroup subsys net_cls
[   13.107667] Initializing cgroup subsys perf_event
[   13.148299] Initializing cgroup subsys net_prio
[   13.165506] Initializing cgroup subsys hugetlb
[   13.184380] Initializing cgroup subsys pids
[   13.237942] mce: CPU supports 0 MCE banks
[   13.245010] Last level iTLB entries: 4KB 1024, 2MB 1024, 4MB 1024
[   13.245798] Last level dTLB entries: 4KB 1024, 2MB 1024, 4MB 1024, 1GB 4
[   13.246693] Spectre V2 : Mitigation: Full generic retpoline
[   13.257464] Spectre V2 : Spectre v2 mitigation: Speculation control IBPB not-supported IBRS not-supported
[   13.306344] Spectre V2 : Spectre v2 / SpectreRSB mitigation: Filling RSB on context switch
[   13.354707] Speculative Store Bypass: Vulnerable
[   13.368180] Freeing SMP alternatives memory: 32K
[   13.415714] ftrace: allocating 32287 entries in 127 pages
[   13.475028] smpboot: APIC(0) Converting physical 0 to logical package 0
[   13.500035] smpboot: Max logical packages: 1
[   13.589115] x2apic enabled
[   13.626244] Switched APIC routing to physical x2apic.
[   13.695764] ..TIMER: vector=0x30 apic1=0 pin1=2 apic2=-1 pin2=-1
[   13.870872] APIC calibration not consistent with PM-Timer: 96ms instead of 100ms
[   13.928831] APIC delta adjusted to PM-Timer: 6249870 (6002061)
[ 13.965949] smpboot: CPU0: Intel(R) Core(TM) i3-4170 CPU @ 3.70GHz (family: 0x6, model: 0x3c, stepping: 0x3)
[   14.111762] Performance Events: unsupported p6 CPU model 60 no PMU driver, software events only.
[   14.242782] KVM setup paravirtual spinlock
[   14.308921] x86: Booting SMP configuration:
[   14.359976] .... node  #0, CPUs:      #1
[   14.379469] kvm-clock: cpu 1, msr 0:17fe3041, secondary cpu clock
[   14.410208] mce: CPU supports 0 MCE banks
[   14.455459]  #2
[   14.467161] kvm-clock: cpu 2, msr 0:17fe3081, secondary cpu clock
[   14.502764] mce: CPU supports 0 MCE banks
[   14.543927]  #3
[   14.562654] kvm-clock: cpu 3, msr 0:17fe30c1, secondary cpu clock
[   14.658124] mce: CPU supports 0 MCE banks
[   14.753305] x86: Booted up 1 node, 4 CPUs
[   14.772659] smpboot: Total of 4 processors activated (29313.34 BogoMIPS)
[   14.810831] devtmpfs: initialized
[   14.828598] evm: security.selinux
[   14.835729] evm: security.SMACK64
[   14.847330] evm: security.SMACK64EXEC
[   14.882129] evm: security.SMACK64TRANSMUTE
[   14.928900] evm: security.SMACK64MMAP
[   14.968854] evm: security.ima
[   14.977059] evm: security.capability
[   15.014780] clocksource: jiffies: mask: 0xffffffff max_cycles: 0xffffffff, max_idle_ns: 7645041785100000 ns
[   15.089328] futex hash table entries: 1024 (order: 4, 65536 bytes)
[   15.107738] pinctrl core: initialized pinctrl subsystem
[   15.162269] RTC time:  9:09:46, date: 12/22/18
[   15.179752] NET: Registered protocol family 16
[   15.199977] cpuidle: using governor ladder
[   15.256313] cpuidle: using governor menu
[   15.264764] PCCT header not found.
[   15.266769] ACPI: bus type PCI registered
[   15.283966] acpiphp: ACPI Hot Plug PCI Controller Driver version: 0.5
[   15.399851] PCI: Using configuration type 1 for base access
[   15.568675] ACPI: Added _OSI(Module Device)
[   15.605443] ACPI: Added _OSI(Processor Device)
[   15.659431] ACPI: Added _OSI(3.0 _SCP Extensions)
[   15.690176] ACPI: Added _OSI(Processor Aggregator Device)
[   15.734942] ACPI: Executed 1 blocks of module-level executable AML code
[   15.800221] ACPI: Interpreter enabled
[   15.830798] ACPI: (supports S0 S5)
[   15.897408] ACPI: Using IOAPIC for interrupt routing
[   15.957421] PCI: Using host bridge windows from ACPI; if necessary, use "pci=nocrs" and report a bug
[   16.036213] ACPI: PCI Root Bridge [PCI0] (domain 0000 [bus 00-ff])
[   16.048985] acpi PNP0A03:00: _OSC: OS supports [ASPM ClockPM Segments MSI]
[   16.051110] acpi PNP0A03:00: _OSC: not requesting OS control; OS requires [ExtendedConfig ASPM ClockPM MSI]
[   16.060536] acpi PNP0A03:00: fail to add MMCONFIG information, can't access extended PCI configuration space under this bridge.
[   16.069248] PCI host bridge to bus 0000:00
[   16.080584] pci_bus 0000:00: root bus resource [io  0x0000-0x0cf7 window]
[   16.113036] pci_bus 0000:00: root bus resource [io  0x0d00-0xffff window]
[   16.113903] pci_bus 0000:00: root bus resource [mem 0x000a0000-0x000bffff window]
[   16.115079] pci_bus 0000:00: root bus resource [mem 0x18000000-0xfdffffff window]
[   16.217751] pci_bus 0000:00: root bus resource [bus 00-ff]
[   16.251358] pci 0000:00:01.1: legacy IDE quirk: reg 0x10: [io  0x01f0-0x01f7]
[   16.297465] pci 0000:00:01.1: legacy IDE quirk: reg 0x14: [io  0x03f6]
[   16.311969] pci 0000:00:01.1: legacy IDE quirk: reg 0x18: [io  0x0170-0x0177]
[   16.325816] pci 0000:00:01.1: legacy IDE quirk: reg 0x1c: [io  0x0376]
[   16.389970] pci 0000:00:07.0: quirk: [io  0x4000-0x403f] claimed by PIIX4 ACPI
[   16.491998] pci 0000:00:07.0: quirk: [io  0x4100-0x410f] claimed by PIIX4 SMB
[   16.548685] ACPI: PCI Interrupt Link [LNKA] (IRQs 5 9 10 *11)
[   16.575363] ACPI: PCI Interrupt Link [LNKB] (IRQs 5 9 *10 11)
[   16.648702] ACPI: PCI Interrupt Link [LNKC] (IRQs 5 *9 10 11)
[   16.694348] ACPI: PCI Interrupt Link [LNKD] (IRQs 5 9 10 *11)
[   16.752783] ACPI: Enabled 2 GPEs in block 00 to 07
[   16.766422] vgaarb: setting as boot device: PCI:0000:00:02.0
[   16.802199] vgaarb: device added: PCI:0000:00:02.0,decodes=io+mem,owns=io+mem,locks=none
[   16.868471] vgaarb: loaded
[   16.875937] vgaarb: bridge control possible 0000:00:02.0
[   16.887662] SCSI subsystem initialized
[   16.910911] ACPI: bus type USB registered
[   16.929829] usbcore: registered new interface driver usbfs
[   16.988911] usbcore: registered new interface driver hub
[   17.007579] usbcore: registered new device driver usb
[   17.014095] PCI: Using ACPI for IRQ routing
[   17.059346] NetLabel: Initializing
[   17.111501] NetLabel:  domain hash size = 128
[   17.163074] NetLabel:  protocols = UNLABELED CIPSOv4
[   17.209793] NetLabel:  unlabeled traffic allowed by default
[   17.243234] amd_nb: Cannot enumerate AMD northbridges
[   17.308656] clocksource: Switched to clocksource kvm-clock
[   17.421834] AppArmor: AppArmor Filesystem Enabled
[   175956pn P AI init
[ 17333]npPnAC: un3 vis  8.24] ocoue:cppmma: ffff macyes0xff, x_les:207024s  9.76] T:egted otolamy 
[ 19474]CPstliedastae trie: 96orr:, 76byes)
  0.619792] TCP bd shable entries: 4096 (order: 4, 6536yt)  1.89] P:as tabls configurd stlied09bi 46)[ 2161808] UDP hash table entries: 256 (order: 1, 8192 bytes)
[  28891UDLiteha tlentes25(oer 1, 8192 bytes)
[  24152 NT:egted otolamy 
[   22.876864] pi 000:.0Liti decPCPCtrsfs  3.27] i 000001: titi IA DMA hang workarun
  3.22] paininras.
[ 24.9494 Frei itrmemory: 480K
[   24.95252] PLMUetctd,APIunt is 2^-32Jole 4fixd countrs 1037180 m ovfltir[ 25.583874] w niofdomain p0-coe -0Joules
[   25.86924] hw unit of doma paag2^ Jle
[  21772hwun odoinra2^ Jul
  6.85]  ut f domain pp1-gpu 2^-0 Joules
[ 261722 pltfom rtcmos: registered platform RTC device (no PNP device found)
[  21259Scnin fr lw emy orrptionevy  seon
  7.3662] uditintiaizig netlik subs (dsaled
[ 28.0534] cockoure:sc:mask: 0xffffffffffffffff max_cycles: 0x34d11c5781c, max_idle_ns: 440795348300 ns
[   28.274553] audit: type=2000 audit(1545469787.717:1): initialized
[   28.277374] Initialise system trusted keyring

[   28.281114] HugeTLB registered 2 MB page size, pre-allocated 0 pages
[   28.285430] zbud: loaded
[   28.288925] VFS: Disk quotas dquot_6.6.0
[   28.290819] VFS: Dquot-cache hash table entries: 512 (order 0, 4096 bytes)
[   28.293970] squashfs: version 4.0 (2009/01/31) Phillip Lougher
[   28.296773] fuse init (API version 7.23)
[   28.299058] Key type big_key registered
[   28.300719] Allocating IMA MOK and blacklis krigs

[   28.458198] Key type asymmetric registered
[   28.469640] Asymmetric key parser 'x509' registered
[   28.485743] Block layer SCSI generic (bsg) driver version 0.4 loaded (major 249)
[   28.641856] io scheduler noop registered
[   28.670104] io scheduler deadline registered (default)
[   28.684777] io scheduler cfq registered
[   28.756335] pci_hotplug: PCI Hot Plug PCI Core version: 0.5
[   28.807362] pciehp: PCI Express Hot Plug Controller Driver version: 0.4
[   28.931040] ACPI: AC Adapter [AC] (on-line)
[   29.016290] input: Power Button as /devices/LNXSYSTM:00/LNXPWRBN:00/input/input0
[   29.086125] ACPI: Power Button [PWRF]
[   29.129320] input: Sleep Button as /devices/LNXSYSTM:00/LNXSLPBN:00/input/input1
[   29347]ACI:le Btton [SLPF]
[   29.408496] GHES: HEST is not enabled!
[   29.470638] Serial: 8250/16550 driver, 32 ports, IRQ sharing enabled
[   29.567861] 00:02: ttyS0 at I/O 0x3f8 (irq = 4, base_baud = 115200) is a 16550A
[   29.625528] Linux agpgart interface v0.103
[   29.656381] loop: module loaded
[   29.707181] scsi host0: ata_piix
[   29.709559] scsi host1: ata_piix
[   29.65] ta PA ax UDMA/33 cmd x10 tl0x6 bdm0x000 irq 14
[   30.181485] ata2: PATA max UDMA/33 cmd 0x170 ctl 0x376 bmdma 0xd008 irq 15
[   30.186245] libphy: Fixed MDIO Bus: probed
[ 30279154] tun: Universal TUN/TAP device driver, 1.6
[  33669tu: ) 9900MaKrnyansky <maxk@qualcomm.com>
[ 309904] PPP gneic driver version 2.4.2
[  3.908] cicd: US2.0 'nhcedHosConolle(EI)Drver
[ 31.53569 eh-pi: CIPCplatform drivr
[ 31.75483] ehci-platform: EHCI generic patfrmdrver
[  3.13022 ohi_hcd: USB 1.1 'Open' Host Controller (OHCI) rivr
  2.7496] ohci-pci: OHCI PCI platform driver
[   32.578] ohci-platform: OHCI generic platform driver
[ 3269002] uhci_hcd: USB Universal Host Controller Interface driver
[ 32753]80: P:PS/2 Controller [PNP0303:PS2K,PNP0f03:PS2M] at 0x60,0x64 irq 1,12
[ 33.335619] serio: i8042 KBD port at 0x60,0x64 irq 1
[ 33352]er: 04AUpo a 0x,0x64 irq 12
[   34.010138] mousedev: PS/2 mouse device common for all mice
   .193] rtc_cmos rtc_cmos: rtc core: registered rtc_cmo as rtc0

[   34.305886] input: AT Translated Set 2 keyboard as /devices/platform/i8042/serio0/input/input2
[   34.305979] rtc_cmos rtc_cmos: alarms up to one day, 114 bytes nvram
[   34.306005] i2c /dev entries driver
[   34.306089] device-mapper: uevent: version 1.0.3
[   34.306202] device-mapper: ioctl: 4.34.0-ioctl (2015-10-28) initialised: dm-devel@redhat.com
[   34.306228] ledtrig-cpu: registered to indicate activity on CPUs
[   34.306871] NET: Registered protocol family 10
[   34.307104] NET: Registered protocol family 17
[   34.307116] Key type dns_resolver registered
[   34.307377] registered taskstats version 1
[   34.307390] Loading compiled-in X.509 certificates
[   34.308016] Loaded X.509 cert 'Build time autogenerated kernel key: 2b5438463a545abf193c13ead155e0657f6c69dd'
[   34.308048] zswap: loaded using pool lzo/zbud
[   34.311088] Key type trusted registered
[   34.317275] Key type encrypted registered
[   34.317284] AppArmor: AppArmor sha1 policy hashing enabled
[   34.317286] ima: No TPM chip found, activating TPM-bypass!
[   34.317294] ima: Allocated hash algorithm: sha1
[   34.317310] evm: HMAC attrs: 0x1
[   34.317747]   Magic number: 14:260:172
[   34.414300] rtc_cmos rtc_cmos: setting system clock to 2018-12-22 09:10:05 UTC (1545469805)
[   34.415154] BIOS EDD facility v0.16 2004-Jun-25, 0 devices found
[   34.415155] EDD information not available.
[   35.043160] Freeing unused kernel memory: 1528K
[   35.216952] Write protecting the kernel read-only data: 14336k
[   35.249529] Freeing unused kernel memory: 1664K
[   35.471158] Freeing unused kernel memory: 88K
Loading, please [   35.705627] random: systemd-udevd: uninitialized urandom read (16 bytes read, 4 bits of entropy available)
wait...
startin[   35.706606] random: udevadm: uninitialized urandom read (16 bytes read, 4 bits of entropy available)
g version 229
[   35.706628] random: udevadm: uninitialized urandom read (16 bytes read, 4 bits of entropy available)
[   35.718648] random: udevadm: uninitialized urandom read (16 bytes read, 4 bits of entropy available)
[   35.718731] random: udevadm: uninitialized urandom read (16 bytes read, 4 bits of entropy available)
[   35.719039] random: udevadm: uninitialized urandom read (16 bytes read, 4 bits of entropy available)
[   35.719149] random: udevadm: uninitialized urandom read (16 bytes read, 4 bits of entropy available)
[   35.719210] random: udevadm: uninitialized urandom read (16 bytes read, 4 bits of entropy available)
[   35.719257] random: udevadm: uninitialized urandom read (16 bytes read, 4 bits of entropy available)
[   35.719301] random: udevadm: uninitialized urandom read (16 bytes read, 4 bits of entropy available)
[   37.889092] e1000: Intel(R) PRO/1000 Network Driver - version 7.3.21-k8-NAPI
[   38.072992] e1000: Copyright (c) 1999-2006 Intel Corporation.
[   38.140889] Fusion MPT base driver 3.04.20
[   38.153947] Copyright (c) 1999-2008 LSI Corporation
[   38.164568] Fusion MPT SPI Host driver 3.04.20
[   38.201038] AVX2 version of gcm_enc/dec engaged.
[   38.210377] AES CTR mode by8 optimization enabled
[   38.361312] input: ImExPS/2 Generic Explorer Mouse as /devices/platform/i8042/serio1/input/input4
[   39.224388] e1000 0000:00:03.0 eth0: (PCI:33MHz:32-bit) 02:b4:5c:5b:e6:80
[   40.101523] e1000 0000:00:03.0 eth0: Intel(R) PRO/1000 Network Connection
[   40.626998] e1000 0000:00:08.0 eth1: (PCI:33MHz:32-bit) 08:00:27:03:e3:82
[   40.997827] e1000 0000:00:08.0 eth1: Intel(R) PRO/1000 Network Connection
[   41.016120] e1000 0000:00:08.0 enp0s8: renamed from eth1
[   41.017285] mptbase: ioc0: Initiating bringup
[   41.105468] ioc0: LSI53C1030 A0: Capabilities={Initiator}
[   41.291384] scsi host2: ioc0: LSI53C1030 A0, FwRev=00000000h, Ports=1, MaxQ=256, IRQ=20
[   41.412420] scsi 2:0:0:0: Direct-Access     VBOX     HARDDISK         1.0  PQ: 0 ANSI: 5
[   41.412432] scsi target2:0:0: Beginning Domain Validation
[   41.415810] scsi target2:0:0: Domain Validation skipping write tests
[   41.415811] scsi target2:0:0: Ending Domain Validation
[   41.415920] scsi target2:0:0: asynchronous
[   41.416585] scsi 2:0:1:0: Direct-Access     VBOX     HARDDISK         1.0  PQ: 0 ANSI: 5
[   41.416592] scsi target2:0:1: Beginning Domain Validation
[   41.418404] scsi target2:0:1: Domain Validation skipping write tests
[   41.418405] scsi target2:0:1: Ending Domain Validation
[   41.418479] scsi target2:0:1: asynchronous
[   41.428070] sd 2:0:0:0: Attached scsi generic sg0 type 0
[   41.428358] sd 2:0:0:0: [sda] 20971520 512-byte logical blocks: (10.7 GB/10.0 GiB)
[   41.428418] sd 2:0:1:0: Attached scsi generic sg1 type 0
[   41.428648] sd 2:0:1:0: [sdb] 20480 512-byte logical blocks: (10.5 MB/10.0 MiB)
[   41.428650] sd 2:0:0:0: [sda] Write Protect is off
[   41.428930] sd 2:0:1:0: [sdb] Write Protect is off
[   41.429126] sd 2:0:0:0: [sda] Incomplete mode parameter data
[   41.429128] sd 2:0:0:0: [sda] Assuming drive cache: write through
[   41.429138] sd 2:0:1:0: [sdb] Incomplete mode parameter data
[   41.429139] sd 2:0:1:0: [sdb] Assuming drive cache: write through
[   41.446235]  sda: sda1
[   41.447511] sd 2:0:0:0: [sda] Attached SCSI disk
[   41.471128] sd 2:0:1:0: [sdb] Attached SCSI disk
[   45.137354] e1000 0000:00:03.0 enp0s3: renamed from eth0
Begin: Loading e[   46.574717] md: linear personality registered for level -1
ssential drivers[   46.638314] md: multipath personality registered for level -4
 ... [   46.732932] md: raid0 personality registered for level 0
[   46.798287] md: raid1 personality registered for level 1
[   46.920761] raid6: sse2x1   gen()  9691 MB/s
[   47.020773] raid6: sse2x1   xor()  8420 MB/s
[   47.096829] raid6: sse2x2   gen() 12582 MB/s
[   47.184825] raid6: sse2x2   xor()  8469 MB/s
[   47.264809] raid6: sse2x4   gen() 14525 MB/s
[   47.364762] raid6: sse2x4   xor()  9597 MB/s
[   47.472802] raid6: avx2x1   gen() 17025 MB/s
[   47.596794] raid6: avx2x2   gen() 21193 MB/s
[   47.704853] raid6: avx2x4   gen() 20989 MB/s
[   47.757384] raid6: using algorithm avx2x2 gen() 21193 MB/s
[   47.763688] raid6: using avx2x2 recovery algorithm
[   47.795407] xor: automatically using best checksumming function:
[   47.914883]    avx       : 73377.000 MB/sec
[   48.047746] async_tx: api initialized (async)
[   48.104044] md: raid6 personality registered for level 6
[   48.127277] md: raid5 personality registered for level 5
[   48.146038] md: raid4 personality registered for level 4
[   48.205813] md: raid10 personality registered for level 10
done.
Begin: Running /scripts/init-premount ... done.
Begin: Mounti[   48.250368] Btrfs loaded
ng root file system ... Begin: Running /scripts/local-top ... done.
Begin: Running /scripts/loc[   48.326846] EXT4-fs (sda1): mounted filesystem with ordered data mode. Opts: (null)
al-premount ... Scanning for Btrfs filesystems
done.
Warning: fsck not present, so skipping root file system
done.
Begin: Running /scripts/local-bottom ... done.
Begin: Running /scripts/init-bottom ... done.
[   48.833640syemd1]: systemd 229 running in system mode. (+PAM+ADIT+SINUX IMA +APPARMOR +SMACK +SYSVINIT +UTMP +LIBCRYPTSETUP +GCRYPT +GNUTLS +ACL +XZ -LZ4 +SECCOMP +BLKID +ELFUTILS +KMOD -IDN)
[   49.146780] systemd[1]: Detected virtualization oracle.
[   49.165537] systemd[1]: Detected architecture x86-64.

Welcome to [1mUbuntu 16.04.5 LTS[0m!

[   49.3021] std[]:etosam to<ubntu.[   49.70464 sted[: Initializing machie  frm andm neto.
[   50.146672] systemd[1]: Installed transient /etc/machine-id fle
[   50.275880] random: nonblocinpol is initialized

[ 524744] systemd1]Se up utou Abitra Ecutble FleFoma Fle SyteAutomntoi. [[0;32m  OK  [0m] Set up automount Arbitrary Executab...ats File System Automount Point.
[   53.037360] systemd[1]: Listening on LV2 metadata daemon socket.
[[0;32m  OK  [0m] Listening on LVM2 metadata daemon socket.
[ 5397243] systemd[1]: Listening on Device-mapper event daemon FIFOs.
[[0;32m  OK  [0m] Listening on Device-mapper event daemon FIFOs.
[   53.669930] systemd[1]: Created slice System Slice.
[[0;32m  OK  [0m] Created slice System Slice.
[   53.765241] systemd[1]: Listening on Syslog Socket.
[[0;32m  OK  [0m] Listening on Syslog Socket.
[   54.153913] systemd[1]: Litengon udev Control Socket.
[[0;32m  OK  [0m] Listening on udev Control Socket.
[ 54350606] systemd[1]: Reached target Encrypd lus. [[0;32m  OK  [0m] Reached target Encrypted Volumes.
[   55.241195] systemd[1]: Reached targe Uer and Group Name Lookups.
[[0;32m  OK  [0m] Reached target User and Group Name Lookups.
[  5.597] std[1]: Started Trigger resolvconf update for networkd DNS.
[[0;32m  OK  [0m] Started Trigger resolvconf update for networkd DNS.
[  56.253345] system1]Listening on /dev/initctl Compatibility Named Pipe.
[[0;32m  OK  [0m] Listening on /dev/initctl Compatibility Named Pipe.
[   56.6850] systemd[1]: Reached target Swap.
[[0;32m  OK  [0m] Reached target Swap.
[ 56893281] systemd[1]: Started Forward Password Requests to Wall Directory Watch.
[[0;32m  OK  [0m] Started Forward Password Requests to Wall Directory Watch.
[  57.253574] systemd[1]: Created slice system-serial\x2dgetty.slice.
[[0;32m  OK  [0m] Created slice system-serial\x2dgetty.slice.
[   .427 ste[1 Lteng onVMpo dmosoet
[[0;32m  OK  [0m] Listening on LVM2 poll daemon socket.
[   58.241376]ysmd1] Listening on Journal Socket (/dev/log).
[[0;32m  OK  [0m] Listening on Journal Socket (/dev/log).
[ 582134syem1]Creaedsle sean Ssi Sce
[[0;32m  OK  [0m] Created slice User and Session Slice.
[   .225254] systemd[1]: acd tart ic. [[0;32m  OK  [0m] Reached target Slices.
[ 59292]ysmd]:Lienng on Journal Socket.
[[0;32m  OK  [0m] Listening on Journal Socket.
[   60.429069] systemd[1]: Mounting Huge Pages File System...
         Mounting Huge Pages File System...
[   60.569010] systemd[1]: Starting Uncomplicated firewall...
         Starting Uncomplicated firewall...
[   60.705093] systemd[1]: Starting Create list of required static device nodes for the current kernel...
         Starting Create list of required st... nodes for the current kernel...
[   60.937110] systemd[1]: Starting Nameserver information manager...
         Starting Nameserver information manager...
[   61.189046] systemd[1]: Starting Load Kernel Modules...
         Starting Load Kernel Modules...[   61.281734] Loading iSCSI transport class v2.0-870.

[   61.381008] systemd[1]: Starting Monitoring of LVM2 mirrors, snapshots etc. using dmeventd or progress polling...
         Starting Monitoring of LVM2 mirrors... dmeventd or progress polling...
[   61.402402] iscsi: registered transport (tcp)
[   61.403626] systemd[1]: Starting Set console keymap...
         Starting Set console keymap...
[   61.568998] systemd[1]: Mounting POSIX Message Queue File System...
         Mounting POSIX Message Queue File System...
[   61.624217] systemd[1]: Listening on udev Kernel Socket.
[[0;32m  OK  [0m] Listening on [   61.734178] iscsi: registered transport (iser)
udev Kernel Socket.
[   61.754740] systemd[1]: Listening on Journal Audit Socket.
[[0;32m  OK  [0m] Listening on Journal Audit Socket.
[   61.881084] systemd[1]: Starting Remount Root and Kernel File Systems...
         [   61.998891] EXT4-fs (sda1): re-mounted. Opts: (null)
Starting Remount Root and Kernel File Systems...
[   62.205015] systemd[1]: Mounting Debug File System...
         Mounting Debug File System...
[   62.329131] systemd[1]: Starting Journal Service...
         Starting Journal Service...
[   62.409195] systemd[1]: Reached target System Time Synchronized.
[[0;32m  OK  [0m] Reached target System Time Synchronized.
[   626688338] systemd[1]: Muunte  eeuu  iieeSSssee..

[[0;32m  OK  [0m] Mounted Debug File System.
[   33.125294] systemd[]]: Mounte  POSIX Message Quuue File System.
[[0;32m  OK  [0m] Mounted POSIX Message Queue File System.
[   63.517271] systemd[1]: Mounted Huee Pages File yystem.
[[0;32m  OK  [0m] Mounted Huge Pages File System.
[   63.909353] systemd[1]: Started Journal Service.
[[0;32m  OK  [0m] Started Journal Service.
[[0;32m  OK  [0m] Started Uncomplicated firewall.
[[0;32m  OK  [0m] Started Create list of required sta...ce nodes for the current kernel.
[[0;32m  OK  [0m] Started Load Kernel Modules.
[[0;32m  OK  [0m] Started Set console keymap.
[[0;32m  OK  [0m] Started Remount Root and Kernel File Systems.
[[0;32m  OK  [0m] Started Nameserver information manager.
[[0;32m  OK  [0m] Started LVM2 metadata daemon.
         Starting udev Coldplug all Devices...
         Starting Load/Save Random Seed...
         Starting Apply Kernel Variables...
         Mounting FUSE Control File System...
         Starting Create Static Device Nodes in /dev...
         Starting Flush Journal to Persistent Storage...
[[0;32m  OK  [0m] Mounted FUSE Control File System.
[[0;32m  OK  [0m] Started Monitoring of LVM2 mirrors,...ng dmeventd or progress polling.
[[0;32m  OK  [0m] Started Load/Save Random Seed.
[[0;32m  OK  [0m] Started Apply Kernel Variables.
[[0;32m  OK  [0m] Started Create Static Device Nodes in /dev.
[[0;32m  OK  [0m] Started udev Coldplug all Devices.
         Starting udev Kernel Device Manager...
[[0;32m  OK  [0m] Reached target Local File Systems (Pre).
[[0;32m  OK  [0m] Reached target Local File Systems.
         Starting Set console font and keymap...
         Starting Initial cloud-init job (pre-networking)...
         Starting Tell Plymouth To Write Out Runtime Data...
         Starting Commit a transient machine-id on disk...
         Starting LSB: AppArmor initialization...
[[0;32m  OK  [0m] Started udev Kernel Device Manager.
[[0;32m  OK  [0m] Started Flush Journal to Persistent Storage.
[[0;32m  OK  [0m] Started Tell Plymouth To Write Out Runtime Data.
[[0;32m  OK  [0m] Started Commit a transient machine-id on disk.
[[0;32m  OK  [0m] Found device /dev/ttyS0.
[[0;32m  OK  [0m] Listening on Load/Save RF Kill Switch Status /dev/rfkill Watch.
         Starting Create Volatile Files and Directories...
[[0;32m  OK  [0m] Started Dispatch Password Requests to Console Directory Watch.
[[0;32m  OK  [0m] Started Set console font and keymap.
[[0;32m  OK  [0m] Started Create Volatile Files and Directories.
         Starting Update UTMP about System Boot/Shutdown...
[[0;32m  OK  [0m] Created slice system-getty.slice.
[[0;32m  OK  [0m] Started Update UTMP about System Boot/Shutdown.
[[0;32m  OK  [0m] Started LSB: AppArmor initialization.
[   52.799325] cloud-init[499]: Cloud-init v. 18.4-0ubuntu1~16.04.2 running 'init-local' at Sat, 22 Dec 2018 09:10:39 +0000. Up 52.29 seconds.
[[0;32m  OK  [0m] Started Initial cloud-init job (pre-networking).
[[0;32m  OK  [0m] Reached target Network (Pre).
         Starting Raise network interfaces...
[[0;32m  OK  [0m] Started Raise network interfaces.
         Starting Initial cloud-init job (metadata service crawler)...
[[0;32m  OK  [0m] Reached target Network.
[   55.215550] cloud-init[967]: Cloud-init v. 18.4-0ubuntu1~16.04.2 running 'init' at Sat, 22 Dec 2018 09:10:41 +0000. Up 54.00 seconds.
[   55.417612] [cloud-init[0;32m  OK  [0m[967]: ] ci-info: ++++++++++++++++++++++++++++++++++++++Net device info+++++++++++++++++++++++++++++++++++++++Started Initial cloud-init job (metadata service crawler).

[   55.418091] cloud-init[967]: ci-info: +--------+-------+----------------------------+---------------+--------+-------------------+
[   55.768694] [cloud-init[0;32m  OK  [0m[967]: ] ci-info: | Device |   Up  |          Address           |      Mask     | Scope  |     Hw-Address    |Reached target Network is Online.

[   55.940941]          cloud-initStarting iSCSI initiator daemon (iscsid)...[967]: 
ci-info: +--------+-------+----------------------------+---------------+--------+-------------------+
[   56.104636] [cloud-init[0;32m  OK  [0m[967]: ] ci-info: | enp0s3 |  True |         10.0.2.15          | 255.255.255.0 | global | 02:b4:5c:5b:e6:80 |Reached target Cloud-config availability.

[[   56.105229] [0;32m  OK  [0mcloud-init] [967]: Reached target System Initialization.ci-info: | enp0s3 |  True | fe80::b4:5cff:fe5b:e680/64 |       .       |  link  | 02:b4:5c:5b:e6:80 |

[   56.400494] [cloud-init[0;32m  OK  [0m[967]: ] ci-info: | enp0s8 | False |             .              |       .       |   .    | 08:00:27:03:e3:82 |Started Daily apt download activities.

[   56.400997] cloud-init[967]: ci-info: |   lo   |  True |         127.0.0.1          |   255.0.0.0   |  host  |         .         |
[   56.884642]          cloud-initStarting LXD - unix socket.[967]: 
ci-info: |   lo   |  True |          ::1/128           |       .       |  host  |         .         |
[   57.040655] [cloud-init[0;32m  OK  [0m[967]: ] ci-info: +--------+-------+----------------------------+---------------+--------+-------------------+Listening on UUID daemon activation socket.

[   57.041275] cloud-init[967]: ci-info: +++++++++++++++++++++++++++Route IPv4 info++++++++++++++++++++++++++++
[   57.281175] [cloud-init[0;32m  OK  [0m[967]: ] ci-info: +-------+-------------+----------+---------------+-----------+-------+Started ACPI Events Check.

[   57.418476] [cloud-init[0;32m  OK  [0m[967]: ] ci-info: | Route | Destination | Gateway  |    Genmask    | Interface | Flags |Reached target Paths.

         [   57.419566] Starting Socket activation for snappy daemon.cloud-init
[967]: ci-info: +-------+-------------+----------+---------------+-----------+-------+
[   57.728464] [cloud-init[0;32m  OK  [0m[967]: ] ci-info: |   0   |   0.0.0.0   | 10.0.2.2 |    0.0.0.0    |   enp0s3  |   UG  |Listening on D-Bus System Message Bus Socket.

[[   57.728758] [0;32m  OK  [0mcloud-init] [967]: Started Daily Cleanup of Temporary Directories.ci-info: |   1   |   10.0.2.0  | 0.0.0.0  | 255.255.255.0 |   enp0s3  |   U   |

[   58.020521] [cloud-init[0;32m  OK  [0m[967]: ] ci-info: +-------+-------------+----------+---------------+-----------+-------+Listening on ACPID Listen Socket.

[   58.020804] cloud-init[967]: ci-info: +++++++++++++++++++Route IPv6 info+++++++++++++++++++
[   58.392506] [cloud-init[0;32m  OK  [0m[967]: ] ci-info: +-------+-------------+---------+-----------+-------+Started Daily apt upgrade and clean activities.

[[   58.392894] [0;32m  OK  [0mcloud-init] [967]: Reached target Timers.ci-info: | Route | Destination | Gateway | Interface | Flags |

[   58.660516] [cloud-init[0;32m  OK  [0m[967]: ] ci-info: +-------+-------------+---------+-----------+-------+Listening on LXD - unix socket.

[[   58.660876] [0;32m  OK  [0mcloud-init] [967]: Listening on Socket activation for snappy daemon.ci-info: |   0   |  fe80::/64  |    ::   |   enp0s3  |   U   |

[[0;32m  OK  [0m] Started iSCSI initiator daemon (iscsid).
[   58.929342] cloud-init[967]: ci-info: |   3   |   ff00::/8  |    ::   |   enp0s3  |   U   |
[   59.064510]          cloud-initStarting Login to default iSCSI targets...[967]: 
ci-info: +-------+-------------+---------+-----------+-------+
[   59.216515] [cloud-init[0;32m  OK  [0m[967]: ] Generating public/private rsa key pair.Reached target Sockets.

[   59.328487] [cloud-init[0;32m  OK  [0m[967]: ] Your identification has been saved in /etc/ssh/ssh_host_rsa_key.Reached target Basic System.

[   59.328748] cloud-init[967]: Your public key has been saved in /etc/ssh/ssh_host_rsa_key.pub.
[   59.692519]          cloud-initStarting Login Service...[967]: 
The key fingerprint is:
[   59.872445] [cloud-init[967]: SHA256:H8Yj+MEXdoBMKg4rwmo7Z5sRdyO2bmfxURhoY+nnDeM root@ubuntu-xenial
[0;32m  OK  [0m] Started FUSE filesystem for LXC.
[   59.872808] cloud-init[967]: The key's randomart image is:
[   60.256816]          cloud-initStarting Accounts Service...[967]: 
+---[RSA 2048]----+
[   60.352428] [cloud-init[0;32m  OK  [0m[967]: ] |       o+..      |Started Deferred execution scheduler.

[   60.484652]          cloud-initStarting LSB: Record successful boot for GRUB...[967]: 
|       Bo. .     |
[   60.580432]          cloud-initStarting /etc/rc.local Compatibility...[967]: 
|  . . = . = .    |
[   60.664696] [cloud-init[0;32m  OK  [0m[967]: ] |.  + . + B +     |Started D-Bus System Message Bus.

[   60.664999] cloud-init[967]: |o....+.oS @      |
[   60.812472]          cloud-initStarting Pollinate to seed the pseudo random number generator...[967]: 
|o.  + +o.E +     |
[   60.912505]          cloud-initStarting LSB: MD monitoring daemon...[967]: 
|.. . .  + o      |
[   61.000626]          cloud-initStarting System Logging Service...[967]: 
|...o+. o .       |
[   61.092446]          cloud-initStarting Virtualbox guest utils...[967]: 
| .+oo.o          |
         Starting LXD - container startup/shutdown...
[   61.168003] cloud-init[967]: +----[SHA256]-----+
[   61.260903] [cloud-init[0;32m  OK  [0m[967]: ] Generating public/private dsa key pair.Started Regular background program processing daemon.

[   61.356515]          cloud-initStarting Snappy daemon...[967]: 
Your identification has been saved in /etc/ssh/ssh_host_dsa_key.
[   61.493375] [cloud-init[0;32m  OK  [0m[967]: ] Your public key has been saved in /etc/ssh/ssh_host_dsa_key.pub.Started Unattended Upgrades Shutdown.

[   61.493881] cloud-init[967]: The key fingerprint is:
[   61.724402] cloud-init[967]: SHA256:P42B0spGTw/xoC9fzHMpX0Kqa90Q3g0RwiqSDt5atpY root@ubuntu-xenial
[   61.757198] cloud-init[967]: The key's randomart image is:
[   61.761648] cloud-init[967]: +---[DSA 1024]----+
[   61.765114] cloud-init[967]: |         .. ..   |
[   61.767730] cloud-init[967]: |          ...    |
[   61.770938] cloud-init[967]: |     .  o.   .   |
[   61.775361] cloud-init[967]: |  . o .o.=. .    |
[[0;32m  OK  [0m] Started ACPI event daemon.
[   61.792548] cloud-init[967]: | . + .+.S.oo.o   |
[[0;32m  OK  [0m] Started System Logging Service.
[   61.814425] cloud-init[967]: |  . =o * *o*...  |
[[0;32m  OK  [0m] Started /etc/rc.local Compatibility.
[   61.817459] cloud-init[967]: |   + o= o.%o= .  |
[   61.989995] cloud-init[967]: |  . E. o.o.*.o   |
[   62.032479] cloud-init[967]: |   .   .+.  .    |
[   62.098074] [cloud-init[0;32m  OK  [0m[967]: ] +----[SHA256]-----+Started Login to default iSCSI targets.

[   62.150950] [cloud-init[0;32m  OK  [0m[967]: ] Generating public/private ecdsa key pair.Started Login Service.

[   62.151401] cloud-init[967]: Your identification has been saved in /etc/ssh/ssh_host_ecdsa_key.
[[0;32m  OK  [0m] Started LSB: Record successful boot for GRUB.
[[   62.333670] [0;32m  OK  [0mcloud-init] [967]: Started LSB: MD monitoring daemon.Your public key has been saved in /etc/ssh/ssh_host_ecdsa_key.pub.

[[0;32m  OK  [0m] Reached target Remote File Systems (Pre).
[[0;32m  OK  [0m] Reached target Remote File Systems.
[   62.529925] cloud-init[967]: The key fingerprint is:
[   62.725099]          cloud-initStarting LSB: Set the CPU Frequency Scaling governor to "ondemand"...[967]: 
SHA256:4BAHxGagfBn/6rCwdyVuMhaKtytgyQooVbFC0kEZwMo root@ubuntu-xenial
[   62.874476] cloud-init[967]: The key's randomart image is:
[   62.920521] cloud-init[967]: +---[ECDSA 256]---+
         Starting LSB: automatic crash report generation...
[   62.964624] cloud-init[967]: |++*O=o.          |
[   63.057444] cloud-init[967]: |.=o O+           |
         Starting LSB: daemon to balance interrupts for SMP systems...
[   63.117065] cloud-init[967]: |+..*o..          |
[   63.276659] cloud-init[967]: |.Eo. o..         |
[   63.381742] cloud-init[967]: |o..   ..S        |
[   63.408403]          cloud-initStarting Permit User Sessions...
[967]: |=+ . ...         |
[   63.452632]          cloud-initStarting Authenticate and Authorize Users to Run Privileged Tasks...[967]: 
|B...o.o          |
[[0;32m  OK  [0m] Started Snappy daemon.
[   63.560494] cloud-init[967]: |+.+=++           |
[   63.676645] cloud-init[967]: | +=+=.           |
[   63.676993] cloud-init[967]: +----[SHA256]-----+
[[0;32m  OK  [0m] Started Virtualbox guest utils.
[   63.677180] cloud-init[967]: Generating public/private ed25519 key pair.
[   63.893151] cloud-init[967]: Your identification has been saved in /etc/ssh/ssh_host_ed25519_key.
[[0;32m  OK  [0m] Started LXD - container startup/shutdown.
[   63.893559] cloud-init[967]: Your public key has been saved in /etc/ssh/ssh_host_ed25519_key.pub.
[   64.136584] cloud-init[967]: The key fingerprint is:
[   64.136875] cloud-init[967]: SHA256:EMOxtM0cFL2zfhkiSIUBLgjoG7/jX+9XIKFZDcjuDHU root@ubuntu-xenial
[[0;32m  OK  [0m] Started Permit User Sessions.
[   64.137001] cloud-init[967]: The key's randomart image is:
[   64.421160] cloud-init[967]: +--[ED25519 256]--+
[   64.480560] cloud-init[967]: |o   .oB==+o      |
[   64.480850] cloud-init[967]: |o. . .o%.E..     |
[[0;32m  OK  [0m] Started Authenticate and Authorize Users to Run Privileged Tasks.
[   64.483262] cloud-init[967]: |o . . *.O ..     |
[   64.835217] cloud-init[967]: | o . ..= .o.     |
[   64.888536] cloud-init[967]: |  +  .+.S .o.    |
[[0;32m  OK  [0m] Started Accounts Service.
[   64.889055] cloud-init[967]: | . .  .o. o ..   |
[   65.036434] cloud-init[967]: |    .  . o ..o   |
         Starting Hold until boot process finishes up...
[   65.036817] cloud-init[967]: |   o  . . ..o    |
[   65.144811] cloud-init[967]: |  ..o.  .o..     |
[   65.145198] cloud-init[967]: +----[SHA256]-----+
         Starting Terminate Plymouth Boot Screen...
         Starting Wait until snapd is fully seeded...
[[0;32m  OK  [0m] Started LSB: Set the CPU Frequency Scaling governor to "ondemand".
[[0;32m  OK  [0m] Started LSB: automatic crash report generation.
[[0;32m  OK  [0m] Started LSB: daemon to balance interrupts for SMP systems.
[[0;32m  OK  [0m] Started Hold until boot process finishes up.
[[0;32m  OK  [0m] Started Terminate Plymouth Boot Screen.
[[0;32m  OK  [0m] Started Wait until snapd is fully seeded.
         Starting Apply the settings specified in cloud-config...
         Starting Set console scheme...
[[0;32m  OK  [0m] Started Serial Getty on ttyS0.
[[0;32m  OK  [0m] Started Getty on tty1.
[[0;32m  OK  [0m] Reached target Login Prompts.
[[0;32m  OK  [0m] Started Pollinate to seed the pseudo random number generator.
[[0;32m  OK  [0m] Started Set console scheme.
         Starting OpenBSD Secure Shell server...
[[0;32m  OK  [0m] Started OpenBSD Secure Shell server.
[[0;32m  OK  [0m] Reached target Multi-User System.
[[0;32m  OK  [0m] Reached target Graphical Interface.
         Starting Update UTMP about System Runlevel Changes...
[   66.409159] cloud-init[1272]: Generating locales (this might take a while)...
[[0;32m  OK  [0m] Started Update UTMP about System Runlevel Changes.
[[0;32m  OK  [0m] Created slice User Slice of vagrant.
         Starting User Manager for UID 1000...
[[0;32m  OK  [0m] Started Session 1 of user vagrant.
[[0;32m  OK  [0m] Started User Manager for UID 1000.
[   67.764664] cloud-init[1272]:   en_US.UTF-8... done
[   67.829052] cloud-init[1272]: Generation complete.
[   69.282937] cloud-init[1272]: Cloud-init v. 18.4-0ubuntu1~16.04.2 running 'modules:config' at Sat, 22 Dec 2018 09:10:53 +0000. Up 66.20 seconds.
[[0;32m  OK  [0m] Started Apply the settings specified in cloud-config.
         Starting Execute cloud user/final scripts...
ci-info: no authorized ssh keys fingerprints found for user ubuntu.
<14>Dec 22 09:10:57 ec2: 
<14>Dec 22 09:10:57 ec2: #############################################################
<14>Dec 22 09:10:57 ec2: -----BEGIN SSH HOST KEY FINGERPRINTS-----
<14>Dec 22 09:10:57 ec2: 1024 SHA256:P42B0spGTw/xoC9fzHMpX0Kqa90Q3g0RwiqSDt5atpY root@ubuntu-xenial (DSA)
<14>Dec 22 09:10:57 ec2: 256 SHA256:4BAHxGagfBn/6rCwdyVuMhaKtytgyQooVbFC0kEZwMo root@ubuntu-xenial (ECDSA)
<14>Dec 22 09:10:57 ec2: 256 SHA256:EMOxtM0cFL2zfhkiSIUBLgjoG7/jX+9XIKFZDcjuDHU root@ubuntu-xenial (ED25519)
<14>Dec 22 09:10:57 ec2: 2048 SHA256:H8Yj+MEXdoBMKg4rwmo7Z5sRdyO2bmfxURhoY+nnDeM root@ubuntu-xenial (RSA)
<14>Dec 22 09:10:57 ec2: -----END SSH HOST KEY FINGERPRINTS-----
<14>Dec 22 09:10:57 ec2: #############################################################
-----BEGIN SSH HOST KEY KEYS-----
ecdsa-sha2-nistp256 AAAAE2VjZHNhLXNoYTItbmlzdHAyNTYAAAAIbmlzdHAyNTYAAABBBEo8xI1RwuCafRwbt6jMVBW1dyeNGVX1UDoGLoK7soFPV03P1MLathXwwR4Xtc59o5V2AYTyaIsDSpfaASaPRjA= root@ubuntu-xenial
ssh-ed25519 AAAAC3NzaC1lZDI1NTE5AAAAIJKMvD07ns5nwOOn8U5+BCPfkz53wDpKpIYpqgN6OH6j root@ubuntu-xenial
ssh-rsa AAAAB3NzaC1yc2EAAAADAQABAAABAQDgU/W8Xay1yjzyUX4l25ls/RI2aftIIFwUcBqc25n6pzi+G8WR2lTnct2+2H93rvpZeQfzAmKOgZp1VLF1EGOAyzd1/hDSxesDrzkN+fFNzSUJR4hwM2ApLtj8RzgWmVB+mUD1cruVYdP5NbRsHGq6Qg9xlPEbm3AVSDdTldB3bei/sjraK+pFINIjpH/ezodDBbpAAh87HaotR8/xUgtgRltet0U2n/OX9YUUdS7WiMVPMAu14Ws8c02tkFPCCE6tL+4rqB7k6ZVdafEOpPe6cOAJVrzyKuaE+iO/2kA0uRpA5DqSFQkzoOlsMfDC9NIusr1lqA5YwJuMMzxfFqvh root@ubuntu-xenial
-----END SSH HOST KEY KEYS-----
[   71.122943] cloud-init[1443]: Cloud-init v. 18.4-0ubuntu1~16.04.2 running 'modules:final' at Sat, 22 Dec 2018 09:10:57 +0000. Up 69.93 seconds.
[   71.260777] cloud-init[1443]: ci-info: no authorized ssh keys fingerprints found for user ubuntu.
[   71.347026] c
Ubuntu 16.04.5 LTS ubuntu-xenial ttyS0

ubuntu-xenial login:          Stopping Session 9 of user vagrant [[0;32m  OK  [0m] Stopped OpenVPN service.
         Stopping Deferred execution scheduler...
         Stopping LSB: Set the CPU Frequency Scaling governor to "ondemand"...
         Stopping Unattended Upgrades Shutdown...
         Stopping Virtualbox guest utils...
         Stopping FUSE filesystem for LXC...
         Stopping Regular background program processing daemon...
         Stopping D-Bus System Message Bus...
         Stopping OpenBSD Secure Shell server...
         Stopping LSB: daemon to balance interrupts for SMP systems...
         Stopping System Logging Service...
         Stopping LSB: Record successful boot for GRUB...
         Stopping LXD - co[[0;32m  OK  [0m] Stopped target Timers.
         Stopping ACPI event daemon...p         Stopping LSB: daemon to balance interrupts for SMP systems...
         Stopping LSB: Record successful boot for GRUB...
         Stopping LSB: automatic crash report generation...
         Stopping LSB: MD monitoring daemon...
         Stopping LSB: Set the CPU Frequency Scaling governor to "ondemand"...
         Stopping Snappy daemon...
[[0;32m  OK  [0m] Unmounted /var/lib/lxcfs.
[[0;32m  OK  [0m] Stopped Deferred execution scheduler.
[[0;32m  OK  [0m] Stopped Accounts Service.
[[0;32m  OK  [0m] Stopped ACPI event daemon.
[[0;32m  OK  [0m] Stopped System Logging Service.
[[0;32m  OK  [0m] Stopped Snappy daemon.
[[0;32m  OK  [0m] Stopped Regular background program processing daemon.
[[0;32m  OK  [0m] Stopped Authenticate and Authorize Users to Run Privileged Tasks.
[[0;32m  OK  [0m] Stopped OpenBSD Secure Shell server.
[[0;32m  OK  [0m] Stopped Serial Getty on ttyS0.
[[0;32m  OK  [0m] Stopped Getty on tty1.
[[0;32m  OK  [0m] Stopped User Manager for UID 1000.
[[0;32m  OK  [0m] Stopped D-Bus System Message Bus.
[[0;32m  OK  [0m] Stopped Unattended Upgrades Shutdown.
[[0;32m  OK  [0m] Stopped Session 9 of user vagrant.
[[0;32m  OK  [0m] Stopped FUSE filesystem for LXC.
[[0;32m  OK  [0m] Stopped LXD - container startup/shutdown.
[[0;32m  OK  [0m] Stopped LSB: Record successful boot for GRUB.
[[0;32m  OK  [0m] Stopped LSB: daemon to balance interrupts for SMP systems.
[[0;32m  OK  [0m] Stopped Virtualbox guest utils.
[[0;32m  OK  [0m] Stopped LSB: Set the CPU Frequency Scaling governor to "ondemand".
[[0;32m  OK  [0m] Stopped LSB: automatic crash report generation.
[[0;32m  OK  [0m] Stopped LSB: MD monitoring daemon.
[[0;32m  OK  [0m] Removed slice User Slice of vagrant.
         Stopping Login Service...
[[0;32m  OK  [0m] Removed slice system-getty.slice.
[[0;32m  OK  [0m] Removed slice system-serial\x2dgetty.slice.
[[0;32m  OK  [0m] Stopped /etc/rc.local Compatibility.
         Stopping Permit User Sessions...
[[0;32m  OK  [0m] Stopped Login Service.
[[0;32m  OK  [0m] Stopped Permit User Sessions.
         Stopping OpenVPN connection to server...
[[0;32m  OK  [0m] Stopped target Remote File Systems.
[[0;32m  OK  [0m] Stopped target Remote File Systems (Pre).
         Stopping Login to default iSCSI targets...
[[0;32m  OK  [0m] Stopped target User and Group Name Lookups.
[[0;32m  OK  [0m] Stopped OpenVPN connection to server.
[[0;32m  OK  [0m] Stopped target Basic System.
[[0;32m  OK  [0m] Stopped target Sockets.
[[0;32m  OK  [0m] Closed LXD - unix socket.
[[0;32m  OK  [0m] Closed ACPID Listen Socket.
[[0;32m  OK  [0m] Closed Syslog Socket.
[[0;32m  OK  [0m] Closed UUID daemon activation socket.
[[0;32m  OK  [0m] Closed Socket activation for snappy daemon.
[[0;32m  OK  [0m] Closed D-Bus System Message Bus Socket.
[[0;32m  OK  [0m] Stopped target Slices.
[[0;32m  OK  [0m] Removed slice User and Session Slice.
[[[;32m  OK  [0m] Stopped target Paths.
[[0;32m  OK  [0m] Stopped ACPI Events Check.
[[0;32m  OK  [0m] Stopped target System Initialization.
         Stopping Load/Save Random Seed...
[[0;32m  OK  [0m] Stopped target Swap.
[[0;32m  OK  [0m] Stopped Commit a transient machine-id on disk.
[[0;32m  OK  [0m] Stopped target Encrypted Volumes.
         Stopping Update UTMP about System Boot/Shutdown...
[[0;32m  OK  [0m] Stopped Forward Password Requests to Wall Directory Watch.
[[0;32m  OK  [0m] Stopped Dispatch Password Requests to Console Directory Watch.
[[0;32m  OK  [0m] Removed slice system-openvpn.slice.
[[0;32m  OK  [0m] Stopped Load/Save Random Seed.
[[[0;32m  OK  [0m] Stopped Update UTMP about System Boot/Shutdown.
[[0;32m  OK  [0m] Stopped Login to default iSCSI targets.
         Stopping iSCSI initiator daemon (iscsid)...
[[0;32m  OK  [0m] Stopped Create Volatile Files and Directories.
[[0;32m  OK  [0m] Stopped iSCSI initiator daemon (iscsid).
[[0;32m  OK  [0m] Stopped target Network is Online.
[[0;32m  OK  [0m] Stopped Initial cloud-init job (metadata service crawler).
[[0;32m  OK  [0m] Stopped target Network.
         Stopping Raise network interfaces...
[[0;32m  OK  [0m] Stopped Raise network interfaces.
[[0;32m  OK  [0m] Stopped Apply Kernel Variables.
[[0;32m  OK  [0m] Stopped target Local File Systems.
         Unmounting /run/user/1000...
         Unmounting /vagrant...
[[0;32m  OK  [0m] Stopped Load Kernel Modules.
[[0;32m  OK  [0m] Stopped target Network (Pre).
[[0;32m  OK  [0m] Stopped Initial cloud-init job (pre-networking).
[[0;32m  OK  [0m] Unmounted /run/user/1000.
[[0;32m  OK  [0m] Unmounted /vagrant.
[[0;32m  OK  [0m] Reached target Unmount All Filesystems.
[[0;32m  OK  [0m] Stopped target Local File Systems (Pre).
         Stoppi[   0000] Iniiazig cgrop bss cpuet[    0000] Iitling cgupubsys cp
   0.0000Initiizg groupsuyscpcc
[    0.000000]inx rsn .4.014geric (buiddcy1-am4-6) (gcceron5.4.200609 (Uun 54.0-6un1~16..1 )#166-UntSMP d v 4 209: UTC 01(Untu 4.040166-generc 4.62)
[    0000] Coma le: BOOT_IME=oot/liz-[    0.000000] Initializing cgroup subsys cpuset
[    0.000000] Initializing cgroup subsys cpu
[    0.000] Initializing cgroup subyspucct
[    0.000000] Linux version 4.4.0-140-generic (buildd@lcy01-amd64-006) (gcc version 5.4.0 20160609 (Ubuntu 5.4.0-6ubuntu1~16.04.10) ) #166-Ubuntu SMP Wed Nov 14 20:09:47 UTC 2018 (Ubuntu 4.4.0-140.166-generic 4.4.162)
[    0.000000] Command line: BOOT_IMAGE=/boot/vmlinuz-4.4.0-140-generic root=LABEL=cloudimg-rootfs ro console=tty1 console=ttyS0
[    0.000000] KERNEL supported cpus:
[    0.000000]   Intel GenuineIntel
[    0.000000]   AMD AuthenticAMD
[    0.000000]   Centaur CentaurHauls
[    0.000000] x86/fpu: xstate_offset]:  576, xstate_sizes[2]:  256
[    0.000000] x86/fpu: Supporting XSAVE feature 0x01: 'x87 floating point registers'
[    0.000000] x86/fpu: Supporting XSAVE feature 0x02: 'SSE registers'
[    0.000000] x86/fpu: Supporting XSAVE feature 0x04: 'AVX registers'
[    0.000000] x86/fpu: Enabled xstate features 0x7, context size is 832 bytes, using 'standard' format.
[    0.000000] e820: BIOS-provided physical RAM map:
[    0.000000] BIOS-e820: [mem 0x0000000000000000-0x000000000009fbff] usable
[    0.000000] BIOS-e820: [mem 0x000000000009fc00-0x000000000009ffff] reserved
[    0.000000] BIOS-e820: [mem 0x00000000000f0000-0x00000000000fffff] reserved
[    0.000000] BIOS-e820: [mem 0x0000000000100000-0x0000000017feffff] usable
[    0.000000] BIOS-e820: [mem 0x0000000017ff0000-0x000000017ffffff] ACPI data
[   .00000] BIOSe820: [mem x00000000fec00000-0x00000000fec00fff] reserved
[    0.000000] BIOS-e820: [mem 0x00000000fee00000-0x00000000fee00fff] served
[    0.000000] BIOS-e820: [mem 0x00000000fffc0000-0x00000000ffffffff] reserved
[    0.000000] NX (Execute Disable) protection: active
[    0.000000] SMBIOS 2.5 present.
[    0.000000] Hypervisor detected: KVM
[    0.000000024 (v02 VBOX  )
[   7ff0 max_arch_pfn = 0x400000000
[    0.000000] MTRR: Disabled
[    0.000000] x86/PAT: MTRRs disabled, skipping PAT initialization too.
[    0.000000] CPU MTRRs all blank - virtualized system.
[    0.000000] x86/PAT: Configuration [0-7]: WB  WT  UC- UC  WB  WT  UC- UC  
[    0.000000]000] ACPI: FACS 0x0000000017FF0200 000040
[   00000] ACP FCS 0x000000001F000 000
[  .000000] ACI:PIC 0x0000000017FF0240 0006(v2 VB  VBAPIC 00000001 ASL  00000061)
[    0.000000] ACPI: SSDT 0x0000000017FF02B0 0001CC (v01 VBOX   VBOXCPUT 0000002 INTL 20180105)
[    0.000000] No NUMA configuration found
[    0.000000] Faking a node at [mem 0x0000000000000000-0x000000001efff]
[    0.000000]NODEDA(0) allocated [mem 0x17feb000-0x17feff][   .000] vm-oc: Using msrs 4b564d01 and b5640
[   .00000]vmcloc: u 0, msr 0:17fe00 primar c clo
    .000] kvmlok: ungscheofsetof36256375007 cycles
[   0.0000 cloksoue: kvm-lo: ma: xffffffffffff mx_ycle 0x1d44dffbma_idl_n 8815905983 ns[   0.0000Zoe rng:
[  .000   DM    [mem 0x00000000000100-0x0000000000ffffff]
[    0.000000]  MA32    [mm 000000100000-00000017effff
[  0.000000]   Normal   empty
[   .000000]   Device   empty
[   0.000] Movable zone start for each node
[    0.000000] Early memory node ranges
[    0.000000]   node   0: [mem 0x000000000000-0x0000000009ef]
[   .0000] node 0:[mem 0x0000000000100000-0x0000000017feffff]
[    0.000000] Initmem setup node 0 [mem 0x0000000000001000-0x0000000017feffff]
[    0.000000] ACPI: PM-Timer IO Port: 0x4008
[    0.000000] IAPIC[0]: apic_id , vesin 32, address 0xfec00000, GSI 0-23[    0.000000] ACPI: INT_SRC_OVR (us0 s_irq 0 global_irq 2 dfl dfl)
[    0.000000] ACPI: INT_SRC_OVR (bus 0 bus_irq 9 global_irq 9 low evel)
[    0.000000] Using ACPI (MADT) for SMP configuration information
[    0.000000] smpboot: Allowing 4 CPUs, 0 hotplug CPUs
[    0.000000] PM: Registered nosave memory: [mem 0x00000000-0x00000fff]
[    0.000000] PM: Registered nosave memory: [mem 0x0009f000-0x0009ffff]
[    0.00000] M:Registered nosave memory: [mem 0x000a0000-0x000effff]
[    0.000000] PM: Registered nosave memory: [mem 0x000f000-000fffff]
[   000000] e820: [mem 0x18000000-0xfebfffff] available for PCI devices
[    0.000000] Booting paravirtualized kernel on KVM
[    0.000000] clocksource: refined-jiffies: mask: 0xffffffff max_cycles: 0xffffffff, max_idle_ns: 7645519600211568 ns
[    0.000000] setup_percpu: NR_CPUS:512 nr_cpumask_bits:512 nr_cpu_ids:4 nr_node_ids:1
[    0.000000] PERCPU: Embedded 34 pages/cpu @ffff880017c00000 s99608 r8192 d31464 u524288
[    0.000000] PV qspinlock hash table entries: 256 (order: 0, 4096 bytes)
[    0.000000] Built 1 zonelistsn Noderdr,molity grouping on.  Total pages: 96632
[    0.000000] Policy zone: DMA32
[    0.000000] Kernel command line: BOOT_IMAGE=/boot/vmlinuz-4.4.0-140-generic root=LABEL=cloudimg-rootfs ro console=tty1 console=ttyS0
[    0.000000] PID hash table entries: 2048 (order: 2, 16384 bytes)
[    0.000000] Memory: 352324K/392760K available (8564K kernel code, 1314K rwdata, 4008K rodata, 1528K init, 1316K bss, 40436K reserved, 0K cma-seved)
[    0.000000] SLUB:Waign=64, Order=0-3, MinObjects=0, CPUs=4, Nodes=1
[    0.000000] Kernel/User page tables isolation: enabled
[    0.000000] Hierarchical RCU implementation.
[    0.000000] 	Build-time adjustment ofea fanout to 64.
[   0.000000] 	RCU restricting CPUs from NR_CPUS=512 to nr_cpu_ids=4.
[    0.0000] RCU: Adjutig geometry for rcu_fanout_leaf=64, nr_cpu_ids=4
[    0.000000] NR_IRQS:33024 nr_irqs:456 16
[   000000]Cool: colour VGA+ 80x25
[    0.000000] console [tty1] enabled
[    0.000000] console [ttyS0 enabld[    0.000000] tsc: Detected 3664.168 MHz processor
[   11.857211] Calibrating delay loop (skipped) preset value.. 7328.33 BogoMIPS (lpj=14656672)
[   11.945632] pid_max: default: 32768 minimum: 301
[   11.982333] ACPI: Core revision 20150930
[   11.998935] ACPI: 2 ACPI AML tables successfully acquired and loaded
[   12.099187] Security Framework initialized
[   12.154554] Yama: becoming mindful.
[   12.196334] AppArmor: AppArmor initialized
[   12.304058] Dentry cache hash table entries: 65536 (order: 7, 524288 bytes)
[   12.457664] Inode-cache hash table entries: 32768 (order: 6, 262144 bytes)
[   12.520308] Mount-cache hash table entries: 1024 (order: 1, 8192 bytes)
[   12.622156] Mountpoint-cache hash table entries: 1024 (order: 1, 8192 bytes)
[   12.701957] Initializing cgroup subsys io
[   12.770106] Initializing cgroup subsys memory
[   12.780413] Initializing cgroup subsys devices
[   12.792709] Initializing cgroup subsys freezer
[   12.800909] Initializing cgroup subsys net_cls
[   12.854233] Initializing cgroup subsys perf_event
[   12.860740] Initializing cgroup subsys net_prio
[   12.862946] Initializing cgroup subsys hugetlb
[   12.947391] Initializing cgroup subsys pids
[   12.992234] mce: CPU supports 0 MCE banks
[   13.071849] Last level iTLB entries: 4KB 1024, 2MB 1024, 4MB 1024
[   13.081506] Last level dTLB entries: 4KB 1024, 2MB 1024, 4MB 1024, 1GB 4
[   13.131811] Spectre V2 : Mitigation: Full generic retpoline
[   13.237684] Spectre V2 : Spectre v2 mitigation: Speculation control IBPB not-supported IBRS not-supported
[   13.245928] Spectre V2 : Spectre v2 / SpectreRSB mitigation: Filling RSB on context switch
[   13.296788] Speculative Store Bypass: Vulnerable
[   13.365503] Freeing SMP alternatives memory: 32K
[   13.418616] ftrace: allocating 32287 entries in 127 pages
[   13.503537] smpboot: APIC(0) Converting physical 0 to logical package 0
[   13.545458] smpboot: Max logical packages: 1
[   13.626386] x2apic enabled
[   13.650785] Switched APIC routing to physical x2apic.
[   13.730881] ..TIMER: vector=0x30 apic1=0 pin1=2 apic2=-1 pin2=-1
[   13.975846] smpboot: CPU0: Intel(R) Core(TM) i3-4170 CPU @ 3.70GHz (family: 0x6, model: 0x3c, stepping: 0x3)
[   14.183911] Performance Events: unsupported p6 CPU model 60 no PMU driver, software events only.
[   14.352441] KVM setup paravirtual spinlock
[   14.462405] x86: Booting SMP configuration:
[   14.516368] .... node  #0, CPUs:      #1
[   14.520392] kvm-clock: cpu 1, msr 0:17fe3041, secondary cpu clock
[   14.534068] mce: CPU supports 0 MCE banks
[   14.538418]  #2
[   14.561053] kvm-clock: cpu 2, msr 0:17fe3081, secondary cpu clock
[   14.580885] mce: CPU supports 0 MCE banks
[   14.584697]  #3
[   14.622580] kvm-clock: cpu 3, msr 0:17fe30c1, secondary cpu clock
[   14.628307] mce: CPU supports 0 MCE banks
[   14.671103] x86: Booted up 1 node, 4 CPUs
[   14.736041] smpboot: Total of 4 processors activated (29313.34 BogoMIPS)
[   14.820968] devtmpfs: initialized
[   14.867871] evm: security.selinux
[   14.908297] evm: security.SMACK64
[   14.921385] evm: security.SMACK64EXEC
[   14.922586] evm: security.SMACK64TRANSMUTE
[   14.923838] evm: security.SMACK64MMAP
[   14.924997] evm: security.ima
[   14.937608] evm: security.capability
[   14.962375] clocksource: jiffies: mask: 0xffffffff max_cycles: 0xffffffff, max_idle_ns: 7645041785100000 ns
[   14.973157] futex hash table entries: 1024 (order: 4, 65536 bytes)
[   15.005273] pinctrl core: initialized pinctrl subsystem
[   15.007032] RTC time:  9:18:39, date: 12/22/18
[   15.032189] NET: Registered protocol family 16
[   15.062220] cpuidle: using governor ladder
[   15.099060] cpuidle: using governor menu
[   15.123616] PCCT header not found.
[   15.131944] ACPI: bus type PCI registered
[   15.203574] acpiphp: ACPI Hot Plug PCI Controller Driver version: 0.5
[   15.229183] PCI: Using configuration type 1 for base access
[   15.242246] ACPI: Added _OSI(Module Device)
[   15.295923] ACPI: Added _OSI(Processor Device)
[   15.334298] ACPI: Added _OSI(3.0 _SCP Extensions)
[   15.355473] ACPI: Added _OSI(Processor Aggregator Device)
[   15.363499] ACPI: Executed 1 blocks of module-level executable AML code
[   15.398231] ACPI: Interpreter enabled
[   15.405618] ACPI: (supports S0 S5)
[   15.407405] ACPI: Using IOAPIC for interrupt routing
[   15.449693] PCI: Using host bridge windows from ACPI; if necessary, use "pci=nocrs" and report a bug
[   15.563271] ACPI: PCI Root Bridge [PCI0] (domain 0000 [bus 00-ff])
[   15.605923] acpi PNP0A03:00: _OSC: OS supports [ASPM ClockPM Segments MSI]
[   15.694383] acpi PNP0A03:00: _OSC: not requesting OS control; OS requires [ExtendedConfig ASPM ClockPM MSI]
[   15.751356] acpi PNP0A03:00: fail to add MMCONFIG information, can't access extended PCI configuration space under this bridge.
[   15.842032] PCI host bridge to bus 0000:00
[   15.903794] pci_bus 0000:00: root bus resource [io  0x0000-0x0cf7 window]
[   15.933326] pci_bus 0000:00: root bus resource [io  0x0d00-0xffff window]
[   15.988568] pci_bus 0000:00: root bus resource [mem 0x000a0000-0x000bffff window]
[   16.026298] pci_bus 0000:00: root bus resource [mem 0x18000000-0xfdffffff window]
[   16.028596] pci_bus 0000:00: root bus resource [bus 00-ff]
[   16.031758] pci 0000:00:01.1: legacy IDE quirk: reg 0x10: [io  0x01f0-0x01f7]
[   16.033829] pci 0000:00:01.1: legacy IDE quirk: reg 0x14: [io  0x03f6]
[   16.035637] pci 0000:00:01.1: legacy IDE quirk: reg 0x18: [io  0x0170-0x0177]
[   16.037627] pci 0000:00:01.1: legacy IDE quirk: reg 0x1c: [io  0x0376]
[   16.106726] pci 0000:00:07.0: quirk: [io  0x4000-0x403f] claimed by PIIX4 ACPI
[   16.109113] pci 0000:00:07.0: quirk: [io  0x4100-0x410f] claimed by PIIX4 SMB
[   16.130777] ACPI: PCI Interrupt Link [LNKA] (IRQs 5 9 10 *11)
[   16.133279] ACPI: PCI Interrupt Link [LNKB] (IRQs 5 9 *10 11)
[   16.135452] ACPI: PCI Interrupt Link [LNKC] (IRQs 5 *9 10 11)
[   16.137767] ACPI: PCI Interrupt Link [LNKD] (IRQs 5 9 10 *11)
[   16.140025] ACPI: Enabled 2 GPEs in block 00 to 07
[   16.142410] vgaarb: setting as boot device: PCI:0000:00:02.0
[   16.144069] vgaarb: device added: PCI:0000:00:02.0,decodes=io+mem,owns=io+mem,locks=none
[   16.146547] vgaarb: loaded
[   16.147519] vgaarb: bridge control possible 0000:00:02.0
[   16.149531] SCSI subsystem initialized
[   16.151281] ACPI: bus type USB registered
[   16.226310] usbcore: registered new interface driver usbfs
[   16.340961] usbcore: registered new interface driver hub
[   16.388238] usbcore: registered new device driver usb
[   16.436756] PCI: Using ACPI for IRQ routing
[   16.438461] NetLabel: Initializing
[   16.490022] NetLabel:  domain hash size = 128
[   16.491352] NetLabel:  protocols = UNLABELED CIPSOv4
[   16.525646] NetLabel:  unlabeled traffic allowed by default
[   16.527524] amd_nb: Cannot enumerate AMD northbridges
[   16.598063] clocksource: Switched to clocksource kvm-clock
[   .620 AArr: AppArmor Filesystem Enabled
  6.42] p:nPCPin
  7.43] p:nPCP fnd dics
[   17.889681] clocksur: pim:as 0fff axcyes0xfff,axdlns207024ns[   18800NE Risreproc fil2  9.23] P taisd ash blenie 4096 rder 332768yt)  0.97] P ndastae tres: 96orr:, 53bys)[ 21259]CPHa tlecofire(estblhed 4096 bind 4096)
  1.42] P shab eri: 6 rd:  82 te
  2.591]DP-Lite hash table entries: 256 (order: 1, 8192 bytes)
[ 23034]ETRestedrocofaly
  3.27] i 0000:0.: miting dre P/P tansfers
[  24.185621] pci 0000:00:01.0: Activating IS DMA hang workarounds
[   24.292938] Unpacking initramfs...
[ 24353]rengnid mory: 14804K
[   24.963395] RAPL PMU detected, API unit is 2^-32 Joules, 4 fixed counters 1073741824msvftir  5.51]  ut  doman p0co 2-0ous[   25.911523] hw unit of domain package 2^-0 Joules
[ 25.936359] hw unit of domain dram 2^-0 Joules
  6.35] w itf domain pp1-gpu 2^-0 Joules
[ 26160]laorrtcm: gitered platform RTC dvi (o PNP device found)
[ 27435]cainfolomeryorptn er60ecds[ 275369] clocksource: tsc: mask: 0xffffffffffffff mx_cycles: 0x34d11c5781c, max_idle_ns: 440795348300 ns
[   28.167967] audit: initializing netlink subsys (disabled)
[   28.167992] audit: type=2000 audit(1545470853.921:1): initialized
[   28.168263] Initialise system trusted keyring
[   28.168567] HugeTLB registered 2 MB page size, pre-allocated 0 pages
[   28.169681] zbud: loaded
[   28.172812] VFS: Disk quotas dquot_6.6.0
[   28.172851] VFS: Dquot-cache hash table entries: 512 (order 0, 4096 bytes)
[   28.173218] squashfs: version 4.0 (2009/01/31) Phillip Lougher
[   28.173742] fuse init (API version 7.23)
[   28.174010] Key type big_key registered
[   28.174029] Allocating IMA MOK and blacklist keyrings.
[   28.184808] Key type asymmetric registered
[   28.184822] Asymmetric key parser 'x509' registered
[   28.184908] Block layer SCSI generic (bsg) driver version 0.4 loaded (major 249)
[   28.192160] io scheduler noop registered
[   28.192162] io scheduler deadline registered (default)
[   28.192256] io scheduler cfq registered
[   28.192404] pci_hotplug: PCI Hot Plug PCI Core version: 0.5
[   28.192410] pciehp: PCI Express Hot Plug Controller Driver version: 0.4
[   28.192606] ACPI: AC Adapter [AC] (on-line)
[   28.192676] input: Power Button as /devices/LNXSYSTM:00/LNXPWRBN:00/input/input0
[   28.192680] ACPI: Power Button [PWRF]
[   28.192768] input: Sleep Button as /devices/LNXSYSTM:00/LNXSLPBN:00/input/input1
[   28.192770] ACPI: Sleep Button [SLPF]
[   28.193145] GHES: HEST is not enabled!
[   28.193356] Serial: 8250/16550 driver, 32 ports, IRQ sharing enabled
[   28.273689] 00:02: ttyS0 at I/O 0x3f8 (irq = 4, base_baud = 115200) is a 16550A
[   28.320886] Linux agpgart interface v0.103
[   28.385608] loop: module loaded
[   28.386535] scsi host0: ata_piix
[   28.386737] scsi host1: ata_piix
[   28.386771] ata1: PATA max UDMA/33 cmd 0x1f0 ctl 0x3f6 bmdma 0xd000 irq 14
[   28.386772] ata2: PATA max UDMA/33 cmd 0x170 ctl 0x376 bmdma 0xd008 irq 15
[   28.386929] libphy: Fixed MDIO Bus: probed
[   28.386932] tun: Universal TUN/TAP device driver, 1.6
[   28.386932] tun: (C) 1999-2004 Max Krasnyansky <maxk@qualcomm.com>
[   28.386995] PPP generic driver version 2.4.2
[   28.387062] ehci_hcd: USB 2.0 'Enhanced' Host Controller (EHCI) Driver
[   28.387068] ehci-pci: EHCI PCI platform driver
[   28.387089] ehci-platform: EHCI generic platform driver
[   28.387100] ohci_hcd: USB 1.1 'Open' Host Controller (OHCI) Driver
[   28.387105] ohci-pci: OHCI PCI platform driver
[   28.387115] ohci-platform: OHCI generic platform driver
[   28.387123] uhci_hcd: USB Universal Host Controller Interface driver
[   28.387231] i8042: PNP: PS/2 Controller [PNP0303:PS2K,PNP0f03:PS2M] at 0x60,0x64 irq 1,12
[   28.387764] serio: i8042 KBD port at 0x60,0x64 irq 1
[   28.387770] serio: i8042 AUX port at 0x60,0x64 irq 12
[   28.387904] mousedev: PS/2 mouse device common for all mice
[   28.388231] input: AT Translated Set 2 keyboard as /devices/platform/i8042/serio0/input/input2
[   28.388570] rtc_cmos rtc_cmos: rtc core: registered rtc_cmos as rtc0
[   28.388627] rtc_cmos rtc_cmos: alarms up to one day, 114 bytes nvram
[   28.388636] i2c /dev entries driver
[   28.388691] device-mapper: uevent: version 1.0.3
[   28.388752] device-mapper: ioctl: 4.34.0-ioctl (2015-10-28) initialised: dm-devel@redhat.com
[   28.388774] ledtrig-cpu: registered to indicate activity on CPUs
[   28.389254] NET: Registered protocol family 10
[   28.389489] NET: Registered protocol family 17
[   28.389502] Key type dns_resolver registered
[   28.390400] registered taskstats version 1
[   28.390416] Loading compiled-in X.509 certificates
[   28.390993] Loaded X.509 cert 'Build time autogenerated kernel key: 2b5438463a545abf193c13ead155e0657f6c69dd'
[   28.391032] zswap: loaded using pool lzo/zbud
[   28.393424] Key type trusted registered
[   28.400481] Key type encrypted registered
[   28.400494] AppArmor: AppArmor sha1 policy hashing enabled
[   28.400498] ima: No TPM chip found, activating TPM-bypass!
[   28.400512] ima: Allocated hash algorithm: sha1
[   28.400559] evm: HMAC attrs: 0x1
[   28.401296]   Magic number: 14:913:323
[   28.401335] tty tty48: hash matches
[   28.436347] rtc_cmos rtc_cmos: setting system clock to 2018-12-22 09:18:52 UTC (1545470332)
[   28.436603] BIOS EDD facility v0.16 2004-Jun-25, 0 devices found
[   28.436603] EDD information not available.
[   30.438559] Freeing unused kernel memory: 1528K
[   30.519761] Write protecting the kernel read-only data: 14336k
[   30.533907] Freeing unused kernel memory: 1664K
[   30.678051] Freeing unused kernel memory: 88K
Loading, please [   30.717950] random: systemd-udevd: uninitialized urandom read (16 bytes read, 4 bits of entropy available)
wait...
startin[   30.718878] random: udevadm: uninitialized urandom read (16 bytes read, 4 bits of entropy available)
g version 229
[   30.718904] random: udevadm: uninitialized urandom read (16 bytes read, 4 bits of entropy available)
[   30.728057] random: udevadm: uninitialized urandom read (16 bytes read, 4 bits of entropy available)
[   30.728121] random: udevadm: uninitialized urandom read (16 bytes read, 4 bits of entropy available)
[   30.728342] random: udevadm: uninitialized urandom read (16 bytes read, 4 bits of entropy available)
[   30.728390] random: udevadm: uninitialized urandom read (16 bytes read, 4 bits of entropy available)
[   30.728434] random: udevadm: uninitialized urandom read (16 bytes read, 4 bits of entropy available)
[   30.728475] random: udevadm: uninitialized urandom read (16 bytes read, 4 bits of entropy available)
[   30.728516] random: udevadm: uninitialized urandom read (16 bytes read, 4 bits of entropy available)
[   33.080184] e1000: Intel(R) PRO/1000 Network Driver - version 7.3.21-k8-NAPI
[   33.092017] e1000: Copyright (c) 1999-2006 Intel Corporation.
[   33.113986] Fusion MPT base driver 3.04.20
[   33.115375] Copyright (c) 1999-2008 LSI Corporation
[   33.407336] AVX2 version of gcm_enc/dec engaged.
[   33.591073] AES CTR mode by8 optimization enabled
[   33.704149] Fusion MPT SPI Host driver 3.04.20
[   33.733814] e1000 0000:00:03.0 eth0: (PCI:33MHz:32-bit) 02:b4:5c:5b:e6:80
[   33.733821] e1000 0000:00:03.0 eth0: Intel(R) PRO/1000 Network Connection
[   33.915667] input: ImExPS/2 Generic Explorer Mouse as /devices/platform/i8042/serio1/input/input4
[   34.423802] e1000 0000:00:08.0 eth1: (PCI:33MHz:32-bit) 08:00:27:03:e3:82
[   34.430163] e1000 0000:00:08.0 eth1: Intel(R) PRO/1000 Network Connection
[   34.469687] e1000 0000:00:03.0 enp0s3: renamed from eth0
[   34.472215] mptbase: ioc0: Initiating bringup
[   34.555259] ioc0: LSI53C1030 A0: Capabilities={Initiator}
[   34.761378] scsi host2: ioc0: LSI53C1030 A0, FwRev=00000000h, Ports=1, MaxQ=256, IRQ=20
[   34.883493] scsi 2:0:0:0: Direct-Access     VBOX     HARDDISK         1.0  PQ: 0 ANSI: 5
[   34.964107] scsi target2:0:0: Beginning Domain Validation
[   34.966803] scsi target2:0:0: Domain Validation skipping write tests
[   35.086611] scsi target2:0:0: Ending Domain Validation
[   35.128962] e1000 0000:00:08.0 enp0s8: renamed from eth1
[   35.131363] scsi target2:0:0: asynchronous
[   35.133794] scsi 2:0:1:0: Direct-Access     VBOX     HARDDISK         1.0  PQ: 0 ANSI: 5
[   35.220188] scsi target2:0:1: Beginning Domain Validation
[   35.279664] scsi target2:0:1: Domain Validation skipping write tests
[   35.315897] scsi target2:0:1: Ending Domain Validation
[   35.318494] scsi target2:0:1: asynchronous
[   35.335090] sd 2:0:0:0: Attached scsi generic sg0 type 0
[   35.365003] sd 2:0:0:0: [sda] 20971520 512-byte logical blocks: (10.7 GB/10.0 GiB)
[   35.365246] sd 2:0:1:0: Attached scsi generic sg1 type 0
[   35.365701] sd 2:0:1:0: [sdb] 20480 512-byte logical blocks: (10.5 MB/10.0 MiB)
[   35.365918] sd 2:0:1:0: [sdb] Write Protect is off
[   35.366209] sd 2:0:1:0: [sdb] Incomplete mode parameter data
[   35.366211] sd 2:0:1:0: [sdb] Assuming drive cache: write through
[   35.380215] sd 2:0:1:0: [sdb] Attached SCSI disk
[   37.016267] sd 2:0:0:0: [sda] Write Protect is off
[   37.024307] sd 2:0:0:0: [sda] Incomplete mode parameter data
[   37.027133] sd 2:0:0:0: [sda] Assuming drive cache: write through
[   37.043171]  sda: sda1
[   37.046897] sd 2:0:0:0: [sda] Attached SCSI disk
Begin: Loading e[   38.521135] md: linear personality registered for level -1
ssential drivers ... [   38.555183] md: multipath personality registered for level -4
[   38.571245] md: raid0 personality registered for level 0
[   38.599325] md: raid1 personality registered for level 1
[   38.907631] raid6: sse2x1   gen()  7195 MB/s
[   39.035597] raid6: sse2x1   xor()  6734 MB/s
[   39.163611] raid6: sse2x2   gen() 12136 MB/s
[   39.300560] raid6: sse2x2   xor()  6092 MB/s
[   39.378777] raid6: sse2x4   gen()  8070 MB/s
[   39.447535] raid6: sse2x4   xor()  6494 MB/s
[   39.543948] raid6: avx2x1   gen() 14076 MB/s
[   39.611920] raid6: avx2x2   gen() 18006 MB/s
[   39.679627] raid6: avx2x4   gen() 18900 MB/s
[   39.688165] raid6: using algorithm avx2x4 gen() 18900 MB/s
[   39.689719] raid6: using avx2x2 recovery algorithm
[   39.719485] xor: automatically using best checksumming function:
[   39.772678]    avx       : 25323.000 MB/sec
[   39.839652] async_tx: api initialized (async)
[   39.908088] md: raid6 personality registered for level 6
[   39.920560] md: raid5 personality registered for level 5
[   39.964141] md: raid4 personality registered for level 4
[   40.064120] md: raid10 personality registered for level 10
done.
Begin: Running /scripts/init-pre[   40.130328] Btrfs loaded
mount ... done.
Begin: Mounting root file system ... Begin: Running /scripts/local-top ... done.
Begin: Running /scripts/local-premount ... Sc[   40.288855] EXT4-fs (sda1): mounted filesystem with ordered data mode. Opts: (null)
anning for Btrfs filesystems
done.
Warning: fsck not present, so skipping root file system
done.
Begin: Running /scripts/local-bottom ... done.
Begin: Running /scripts/init-bottom ... done.
[   40.913641] systemd[1]: systemd 229 running in system mode. (+PAM +AUDIT +SELINUX +IMA +APPARMOR +SMACK +SYSVINIT +UTMP +LIBCRYPTSETUP +GCRYPT +GNUTLS +ACL +XZ -LZ4 +SECCOMP +BLKID +ELFUTILS +KMOD -IDN)
[   41.002354] systemd[1]: Detected virtualization oracle.
[   41.073637] systemd[1]: Detected architecture x86-64.

Welcome to [1mUbuntu 16.04.5 LTS[0m!

[   41.139973] systemd[1]: Set hostname to <ubuntu-xenial>.
[   41.532804] random: nonblocking pool is initialized
[ 4231309]systemd[1]: Listening on udev Control Socket.
[[0;32m  OK  [0m] Listening on udev Control Socket.
[   42.303914] systemd[1]: Listening on udev Kernel Socket.
[[0;32m  OK  [0m] Listening on udev Kernel Socket.
[   42.740136] systemd[1]: Listening on LVM2 metadata daemon socket.
[[0;32m  OK  [0m] Listening on LVM2 metadata daemon socket.
[   42.952031] systemd[1]: Reached target Swap.
[[0;32m  OK  [0m] Reached target Swap.
[ 43602]ysmd1]: Listening on Journal Socket (/dev/log).
[[0;32m  OK  [0m] Listening on Journal Socket (/dev/log).
[   43.548081] syte[1 Listening on Journal Audit Socket.
[[0;32m  OK  [0m] Listening on Journal Audit Socket.
[ 43070]syem1]: Reached target ser a Goup Name Lookups.
[[0;32m  OK  [0m] Reached target User and Group Name Lookups.
[ 44509]ysemd[1]: Listening on Journal Socket.
[[0;32m  OK  [0m] Listening on Journal Socket.
[ 442342] ste[1 Rched target ncypd olume. [[0;32m  OK  [0m] Reached target Encrypted Volumes.
[ 45298]ystemd[1]: Listenin oLV2 ollaeonocet.
[[0;32m  OK  [0m] Listening on LVM2 poll daemon socket.
[ 4684251] systemd[1]: Set up automount Arbitrary Executable le Frms leysm toount Point.
[[0;32m  OK  [0m] Set up automount Arbitrary Executab...ats File System Automount Point.
[ 46.880101] systemd[1]: Reached target System Time Synchronized.
[[0;32m  OK  [0m] Reached target System Time Synchronized.
[   47.064196] syte[1: Cread slie erndessin Slic. [[0;32m  OK  [0m] Created slice User and Session Slice.
[   4.798] stmd]:tated Tiger resolvconf update for networkd DNS.
[[0;32m  OK  [0m] Started Trigger resolvconf update for networkd DNS.
[   48.21197] systemd[1]: Listening on Syslog Socket.
[[0;32m  OK  [0m] Listening on Syslog Socket.
[ 48.376594] systemd[1]: Created slice System Slice.
[[0;32m  OK  [0m] Created slice System Slice.
[ 48127]ystemd[1]: Created slice system-serial\x2dgett.sce
[[0;32m  OK  [0m] Created slice system-serial\x2dgetty.slice.
[   49.307290] systemd[1]: Mounting Huge Pages File System...
         Mounting Huge Pages File System...
[   49.348761] systemd[1]: Created slice system-openvpn.slice.
[[0;32m  OK  [0m] Created slice system-openvpn.slice.
[   49.741851] systemd[1]: Starting Nameserver information manager...
         Starting Nameserver information manager...
[   49.940379] systemd[1]: Starting Load Kernel Modules...
         Starting Load Kernel Mo[   50.045413] Loading iSCSI transport class v2.0-870.
dules...
[   50.278711] iscsi: registered transport (tcp)
[   50.347927] systemd[1]: Mounting Debug File System...
         Mounting Debug File System...
[   50.438210] iscsi: registered transport (iser)
[   50.708047] systemd[1]: Starting Set console keymap...
         Starting Set console keymap...
[   50.796666] systemd[1]: Starting Remount Root and Kernel File Systems...
         Starting Remount Root a[   50.815253] EXT4-fs (sda1): re-mounted. Opts: (null)
nd Kernel File Systems...
[   50.859847] systemd[1]: Reached target Slices.
[[0;32m  OK  [0m] Reached target Slices.
[   51.351924] systemd[1]: Starting Create list of required static device nodes for the current kernel...
         Starting Create list of required st... nodes for the current kernel...
[   51.723054] systemd[1]: Starting Uncomplicated firewall...
         Starting Uncomplicated firewall...
[   51.767897] systemd[1]: Started Forward Password Requests to Wall Directory Watch.
[[0;32m  OK  [0m] Started Forward Password Requests to Wall Directory Watch.
[   51.880002] systemd[1]: Starting Journal Service...
         Starting Journal Service...
[  51.919 stemd[1]: Listening on /dev/ittl Compatibility Named Pi.
[[0;32m  OK  [0m] Listening on /dev/initctl Compatibility Named Pipe.
[   52.440665] systemd[1]: Mounting POSIX Message Queue File System...
         Mounting POSIX Message Queue File System...
[ 52627999] systemd[1]: Listening on Device-mapper event daemon FIFOs.
[[0;32m  OK  [0m] Listening on Device-mapper event daemon FIFOs.
[   52.883762] systemd[1]: Starting Monitoring of LVM2 mirrors, snapshots etc. using dmeventd or progress polling...
         Starting Monitoring of LVM2 mirrors... dmeventd or progress polling...
[   53.328515] systemd[1]: Moued eb Fi Sst.

[[0;32m  OK  [0m] Mounted Debug File System.
[   53.686405] systemd[1]: Mounted POSIX Message Queue File System.
[[0;32m  OK  [0m] Mounted POSIX Message Queue File System.
[   53.769254] sysem[1]:Mounted He geFi Stem.
[[0;32m  OK  [0m] Mounted Huge Pages File System.
[   54.41655]ysmd1]Started ourna Svi. [[0;32m  OK  [0m] Started Journal Service.
[[0;32m  OK  [0m] Started Load Kernel Modules.
[[0;32m  OK  [0m] Started Set console keymap.
[[0;32m  OK  [0m] Started Remount Root and Kernel File Systems.
[[0;32m  OK  [0m] Started Create list of required sta...ce nodes for the current kernel.
[[0;32m  OK  [0m] Started Uncomplicated firewall.
[[0;32m  OK  [0m] Started Nameserver information manager.
[[0;32m  OK  [0m] Started LVM2 metadata daemon.
         Starting Create Static Device Nodes in /dev...
         Starting Load/Save Random Seed...
         Starting udev Coldplug all Devices...
         Starting Apply Kernel Variables...
         Mounting FUSE Control File System...
         Starting Flush Journal to Persistent Storage...
[[0;32m  OK  [0m] Mounted FUSE Control File System.
[[0;32m  OK  [0m] Started Load/Save Random Seed.
[[0;32m  OK  [0m] Started Monitoring of LVM2 mirrors,...ng dmeventd or progress polling.
[[0;32m  OK  [0m] Started Create Static Device Nodes in /dev.
[[0;32m  OK  [0m] Started Apply Kernel Variables.
[[0;32m  OK  [0m] Started udev Coldplug all Devices.
         Starting udev Kernel Device Manager...
[[0;32m  OK  [0m] Reached target Local File Systems (Pre).
[[0;32m  OK  [0m] Reached target Local File Systems.
         Starting Tell Plymouth To Write Out Runtime Data...
         Starting Initial cloud-init job (pre-networking)...
         Starting LSB: AppArmor initialization...
         Starting Set console font and keymap...
[[0;32m  OK  [0m] Started Flush Journal to Persistent Storage.
[[0;32m  OK  [0m] Started Tell Plymouth To Write Out Runtime Data.
         Starting Create Volatile Files and Directories...
[[0;32m  OK  [0m] Started udev Kernel Device Manager.
[[0;32m  OK  [0m] Started Dispatch Password Requests to Console Directory Watch.
[[0;32m  OK  [0m] Started Create Volatile Files and Directories.
[[0;32m  OK  [0m] Found device /dev/ttyS0.
[[0;32m  OK  [0m] Listening on Load/Save RF Kill Switch Status /dev/rfkill Watch.
         Starting Update UTMP about System Boot/Shutdown...
[[0;32m  OK  [0m] Started Set console font and keymap.
[[0;32m  OK  [0m] Created slice system-getty.slice.
[[0;32m  OK  [0m] Started Update UTMP about System Boot/Shutdown.
[[0;32m  OK  [0m] Found device 82540EM Gigabit Ethern...r (PRO/1000 MT Desktop Adapter).
[[0;32m  OK  [0m] Found device 82540EM Gigabit Ethern...r (PRO/1000 MT Desktop Adapter).
[[0;32m  OK  [0m] Started LSB: AppArmor initialization.
[   46.681033] cloud-init[491]: Cloud-init v. 18.4-0ubuntu1~16.04.2 running 'init-local' at Sat, 22 Dec 2018 09:19:25 +0000. Up 45.81 seconds.
[[0;32m  OK  [0m] Started Initial cloud-init job (pre-networking).
[[0;32m  OK  [0m] Reached target Network (Pre).
[[0;32m  OK  [0m] Started ifup for enp0s8.
[[0;32m  OK  [0m] Started ifup for enp0s3.
         Starting Raise network interfaces...
[[0;32m  OK  [0m] Started Raise network interfaces.
[[0;32m  OK  [0m] Reached target Network.
         Starting Initial cloud-init job (metadata service crawler)...
[   48.491066] cloud-init[1094]: Cloud-init v. 18.4-0ubuntu1~16.04.2 running 'init' at Sat, 22 Dec 2018 09:19:27 +0000. Up 47.95 seconds.
[   48.616756] [cloud-init[0;32m  OK  [0m[1094]: ] ci-info: ++++++++++++++++++++++++++++++++++++++Net device info+++++++++++++++++++++++++++++++++++++++Started Initial cloud-init job (metadata service crawler).

[   48.617268] cloud-init[1094]: ci-info: +--------+------+-----------------------------+---------------+--------+-------------------+
[   48.964522] [cloud-init[0;32m  OK  [0m[1094]: ] ci-info: | Device |  Up  |           Address           |      Mask     | Scope  |     Hw-Address    |Reached target System Initialization.

[[   48.964874] [0;32m  OK  [0mcloud-init] [1094]: Listening on ACPID Listen Socket.ci-info: +--------+------+-----------------------------+---------------+--------+-------------------+

[   49.320596] [cloud-init[0;32m  OK  [0m[1094]: ] ci-info: | enp0s3 | True |          10.0.2.15          | 255.255.255.0 | global | 02:b4:5c:5b:e6:80 |Listening on UUID daemon activation socket.

[[   49.321242] [0;32m  OK  [0mcloud-init] [1094]: Listening on D-Bus System Message Bus Socket.ci-info: | enp0s3 | True |  fe80::b4:5cff:fe5b:e680/64 |       .       |  link  | 02:b4:5c:5b:e6:80 |

[   49.676396] [cloud-init[0;32m  OK  [0m[1094]: ] ci-info: | enp0s8 | True |        192.168.10.101       | 255.255.255.0 | global | 08:00:27:03:e3:82 |Started ACPI Events Check.

[[   49.676707] [0;32m  OK  [0mcloud-init] [1094]: Reached target Paths.ci-info::| enp0s8 | True | fe80::a00:27ff:fe03:e382/64 |       .       |  link  | 08:00:27:03:e3:82 |

[   49.992744]          cloud-initStarting Socket activation for snappy daemon.[1094]: 
ci-info: |   lo   | True |          127.0.0.1          |   255.0.0.0   |  host  |         .         |
[   50.144785]          cloud-initStarting LXD - unix socket.[1094]: 
ci-info: |   lo   | True |           ::1/128           |       .       |  host  |         .         |
[   50.552521] [cloud-init[0;32m  OK  [0m[1094]: ] ci-info: +--------+------+-----------------------------+---------------+--------+-------------------+Started Daily Cleanup of Temporary Directories.

[   50.776508] [cloud-init[0;32m  OK  [0m[1094]: ] ci-info: ++++++++++++++++++++++++++++Route IPv4 info++++++++++++++++++++++++++++Started Daily apt download activities.

[   50.895475] [cloud-init[0;32m  OK  [0m[1094]: ] ci-info: +-------+--------------+----------+---------------+-----------+-------+Started Daily apt upgrade and clean activities.

[   50.895793] [cloud-init[0;32m  OK  [0m[1094]: ] ci-info: | Route | Destination  | Gateway  |    Genmask    | Interface | Flags |Reached target Timers.

[[   51.085245] [0;32m  OK  [0mcloud-init] [1094]: Reached target Cloud-config availability.ci-info: +-------+--------------+----------+---------------+-----------+-------+

[   51.364394] [cloud-init[0;32m  OK  [0m[1094]: ] ci-info: |   0   |   0.0.0.0    | 10.0.2.2 |    0.0.0.0    |   enp0s3  |   UG  |Reached target Network is Online.

[   51.488554]          cloud-initStarting iSCSI initiator daemon (iscsid)...[1094]: 
ci-info: |   1   |   10.0.2.0   | 0.0.0.0  | 255.255.255.0 |   enp0s3  |   U   |
[   51.660454] [cloud-init[0;32m  OK  [0m[1094]: ] ci-info: |   2   | 192.168.10.0 | 0.0.0.0  | 255.255.255.0 |   enp0s8  |   U   |Listening on Socket activation for snappy daemon.

[[   51.660733] [0;32m  OK  [0mcloud-init] [1094]: Listening on LXD - unix socket.ci-info: +-------+--------------+----------+---------------+-----------+-------+

[   51.940746] [cloud-init[0;32m  OK  [0m[1094]: ] ci-info: +++++++++++++++++++Route IPv6 info+++++++++++++++++++Reached target Sockets.

[   51.941096] [cloud-init[0;32m  OK  [0m[1094]: ] ci-info: +-------+-------------+---------+-----------+-------+Reached target Basic System.

         Starting LSB: MD monitoring daemon...
[   52.208761] cloud-init[1094]: ci-info: | Route | Destination | Gateway | Interface | Flags |
[   52.317017] cloud-init[1094]: ci-info: +-------+-------------+---------+-----------+-------+
[   52.390655]          cloud-initStarting LXD - container startup/shutdown...[1094]: 
ci-info: |   0   |  fe80::/64  |    ::   |   enp0s8  |   U   |
[   52.512430] [cloud-init[0;32m  OK  [0m[1094]: ] ci-info: |   1   |  fe80::/64  |    ::   |   enp0s3  |   U   |Started Regular background program processing daemon.

[   52.512726] cloud-init[1094]: ci-info: |   4   |   ff00::/8  |    ::   |   enp0s8  |   U   |
[   52.809280] cloud-init[1094]: ci-info: |   5   |   ff00::/8  |    ::   |   enp0s3  |   U   |
[   52.897370] cloud-init[1094]: ci-info: +-------+-------------+---------+-----------+-------+
[[0;32m  OK  [0m] Started ACPI event daemon.
         Starting Virtualbox guest utils...
         Starting /etc/rc.local Compatibility...
         Starting Login Service...
[[0;32m  OK  [0m] Started Unattended Upgrades Shutdown.
[[0;32m  OK  [0m] Started FUSE filesystem for LXC.
         Starting OpenVPN service...
         Starting System Logging Service...
         Starting OpenVPN connection to client...
         Starting OpenBSD Secure Shell server...
[[0;32m  OK  [0m] Started Deferred execution scheduler.
         Starting Accounts Service...
         Starting LSB: Record successful boot for GRUB...
[[0;32m  OK  [0m] Started D-Bus System Message Bus.
         Starting Snappy daemon...
[[0;32m  OK  [0m] Started System Logging Service.
[[0;32m  OK  [0m] Started iSCSI initiator daemon (iscsid).
[[0;32m  OK  [0m] Started /etc/rc.local Compatibility.
[[0;32m  OK  [0m] Started OpenVPN service.
[[0;32m  OK  [0m] Started OpenVPN connection to client.
[[0;32m  OK  [0m] Started OpenBSD Secure Shell server.
         Starting Login to default iSCSI targets...
[[0;32m  OK  [0m] Started Login Service.
         Starting Authenticate and Authorize Users to Run Privileged Tasks...
[[0;32m  OK  [0m] Started LSB: MD monitoring daemon.
[[0;32m  OK  [0m] Started LSB: Record successful boot for GRUB.
[[0;32m  OK  [0m] Started Login to default iSCSI targets.
[[0;32m  OK  [0m] Reached target Remote File Systems (Pre).
[[0;32m  OK  [0m] Reached target Remote File Systems.
         Starting LSB: daemon to balance interrupts for SMP systems...
         Starting LSB: Set the CPU Frequency Scaling governor to "ondemand"...
         Starting Permit User Sessions...
         Starting LSB: automatic crash report generation...
[[0;32m  OK  [0m] Started Permit User Sessions.
[[0;32m  OK  [0m] Started Authenticate and Authorize Users to Run Privileged Tasks.
[[0;32m  OK  [0m] Started Accounts Service.
[[0;32m  OK  [0m] Started LSB: Set the CPU Frequency Scaling governor to "ondemand".
         Starting Hold until boot process finishes up...
         Starting Terminate Plymouth Boot Screen...
[[0;32m  OK  [0m] Started Virtualbox guest utils.
[[0;32m  OK  [0m] Started LSB: daemon to balance interrupts for SMP systems.
[[0;32m  OK  [0m] Started LSB: automatic crash report generation.
[[0;32m  OK  [0m] Started Hold until boot process finishes up.
[[0;32m  OK  [0m] Started LXD - container startup/shutdown.
[[0;32m  OK  [0m] Started Terminate Plymouth Boot Screen.
[[0;32m  OK  [0m] Started Getty on tty1.
[[0;32m  OK  [0m] Started Serial Getty on ttyS0.
[[0;32m  OK  [0m] Reached target Login Prompts.
         Starting Set console scheme...
[[0;32m  OK  [0m] Started Snappy daemon.
[[0;32m  OK  [0m] Started Set console scheme.
         Starting Wait until snapd is fully seeded...
[[0;32m  OK  [0m] Started Wait until snapd is fully seeded.
         Starting Apply the settings specified in cloud-config...
[[0;32m  OK  [0m] Reached target Multi-User System.
[[0;32m  OK  [0m] Reached target Graphical Interface.
         Starting Update UTMP about System Runlevel Changes...
[[0;32m  OK  [0m] Started Update UTMP about System Runlevel Changes.
[   58.480930] cloud-init[1358]: Cloud-init v. 18.4-0ubuntu1~16.04.2 running 'modules:config' at Sat, 22 Dec 2018 09:19:38 +0000. Up 58.30 seconds.
[[0;32m  OK  [0m] Started Apply the settings specified in cloud-config.
         Starting Execute cloud user/final scripts...
[   59.234235] cloud-init[1371]: Cloud-init v. 18.4-0ubuntu1~16.04.2 running 'modules:final' at Sat, 22 Dec 2018 09:19:39 +0000. Up 59.09 seconds.
[   59.389415] [cloud-init[0;32m  OK  [0m[1371]: ] Cloud-init v. 18.4-0ubuntu1~16.04.2 finished at Sat, 22 Dec 2018 09:19:39 +0000. Datasource DataSourceNoCloud [seed=/dev/sdb][dsmode=net].  Up 59.22 secondsStarted Execute cloud user/final scripts.

[[0;32m  OK  [0m] Reached target Cloud-init target.

Ubuntu 16.04.5 LTS ubuntu-xenial ttyS0

ubuntu-xenial login: -init[1361]: Cloud-init v. 18.4-0ubuntu1~16.04.2 running 'modules:config' at Sat, 22 Dec 2018 09:19:35 +0000. Up 60.07 seconds.
[[0;32m  OK  [0m] Started Apply the settings specified in cloud-config.
         Starting Execute cloud user/final scripts...
[   61.107883] cloud-init[1374]: Cloud-init v. 18.4-0ubuntu1~16.04.2 running 'modules:final' at Sat, 22 Dec 2018 09:19:36 +0000. Up 60.89 seconds.
[   61.428909] cloud-init[1374]: Cloud-init v. 18.4-0ubuntu1~16.04.2 finished at Sat, 22 Dec 2018 09:19:36 +0000. Datasource DataSourceNoCloud [seed=/dev/sdb][dsmode=net].  Up 61.08 seconds
[[0;32m  OK  [0m] Started Execute cloud user/final scripts.
[[0;32m  OK  [0m] Reached target Cloud-init target.

Ubuntu 16.04.5 LTS ubuntu-xenial ttyS0

ubuntu-xenial login: 