[    .0000] niiazig cro sbss cpuset
[   .0000] Initiizngcgrop bss pu
[   .0000]Initialiin crop ubsyscpact[    0.0000]Liuxversion4.40-140-geeric(build@ly0-ad64-06)(g version 5.4.0 20160609 (Ubuntu 5.4.06ubunt1~6.4.0)) #16-Unt SP Wed No 1 20947 UC 18(Ubuntu4.0-40.166-gnec 4.4.16)   0.000]Command in: OOIMAGE=/boo/vliuz4..0-140-gneicrot=ABEL=lodig-oofs rocoso=ty1 cool=tyS
[    .000 KERNEL supported cpus:
[    0.000000]   Intel GenuineIntel
[    0.000000]   AMD AuthenticAMD
[    0.000000]   Centaur CentaurHauls
[    0.000] x86/fpu: xsta_ose[2]: 76xsate_sies]:256
[    .000] x86/fu:uprting XSVEeaure 0x: 87floti pnt regite'[   0.00] x86puSuporting XSAVE feature 0x02: 'SSEegters'
[   0.000000] x86puSuppoinXSVE featrex0 'AVX rgier'
[    0.000000] 86puEnable xat features 0, ntxt iz i 82 ytes, si 'andard'foat
[    0000 e82: OSrovided psil AMap
[   0.0000]IO-e0:me 0x000000000-000000009ff] ubl
[    0000 BIOS-20[mem 000000009fc-00000000000ff] reseed
[  0.000] BIOe8: [memx00000000f00x00000000ffffrervd
[    .0000]BIOS-e820: [mem 0x0000000000100000-0x0000000017feffff] usable
[    0.000000] BIOS-e820: [mem 0x0000000017ff0000-0x0000000017ffffff] ACPI data
[    0.000000] BIOS-e820: [mem 0x00000000fec00000-0x00000000fec00fff] reserved
[    0.0000] OSe820: [mem 0x00000000fee0000-0000000fe00ffreerved
[   0000] BIOS-e20 [emx00000000fffc0000-0x00000000ffffffff] reserved
[    0.000000] NX (Execute Disable) protection: active
[    0.000000] SMBIOS 2.5 present.
[    0.000000] Hypervisor detected: KVM
[    0.000000] e820: last_pfn = 0x17ff0 max_arch_pfn = 0x400000000
[    0.000000] MTRR: Disabled
[    0.000000] x86/PAT: MTRRs disabled, skipping PAT initialization too.
[    0.000000] CPU MTRRs all blank - virtualized system.
[    0.000000] x86/PAT: Configuration [0-7]: WB  WT  UC- UC  WBWT  - C 
  0.000] found SMP MP-table at [mem 0x0009fff0-0x0009ffff] mapped at [ffff88000009fff0]
[    0.000000] Scanning 1 areas for low memory corruption
[    0.000000] RAMDISK: [mem 0x168db000-0x1774ffff]
[    0.000000] ACPI: Early table checksum verification disabled
[   .0000] ACI: RSDP 00000000000 0002(v VBOX)    0000]ACPI:XS 000000001FF3000003C (01BO  VBOXXSDT 00000001 ASL  00000061)
[    0.000000] ACPI: FACP 0x0000000017FF00F0 0000F4 (v04 VBOX   VBOXFACP 0001 ASL  00061
[    .000 ACP DT x000017F04 01F (v2 OX VBOXBIO 00002INTL 2018005
[   0.000]ACPI: FACS 0x0000000017FF0200 000040[   0.000000] ACPI: FACS 0x0000000017FF0200 000040
[    0.000000] ACPI: APIC 0x0000000017FF0240 00006C (v02 VBOX   VBOXAPIC 00000001 ASL  0000061)[  0.0000]CPI: SS 0000001F00 0001CC (v01 VBOX   VBOXCPUT 00000002 INTL 20180105)
[    0.000000] No NUMA configuration found
[    0.000000] Faking a node at [mem 0x0000000000000000-0x0000000017feffff]
[    0.000000] NODE_DATA(0) allocated [mem 0x17feb000-0x17feffff]
[    0.000000] kvm-clock: Using msrs 4b564d01 and 4b564d00
[    0.000000] kvm-clock: cpu 0, msr 0:17fe3001, primary cpu clock
[    0.000000] kvm-clock: using schedfft of 3358949160 cycles
[    0.000000] clocksource: kvm-lo: ask: 0ffffffffffffaxycles: 0x1cd42edfb,ma_ile_ns: 881590591483 ns
[    0.000000] Zone ranges:
[    0.000000]   DMA      [mem 0x0000000000001000-0x0000000000ffffff]
[    0.000000]   DMA32    [mem 0x0000000001000000-0x0000000017feffff]
[    0.000000]   Normal   empty
[    0.000000]   Device   empty
[    0.000000] Movable zone starfoeah node
[   0.00] Earlyemy nodeans
[  00000]   de 0: [mm x00000000000x00000000eff]
[    0.000000]   node   0: [mem 0x0000000000100000-0x0000000017feffff]
[    0.000000] Initmem setup node 0 [mem 0x0000000000001000-0x0000000017feffff]
[    0.000000] ACPI: PM-Timer IO Port: 0x4008
[    0.000000] IOAPIC[0]: apic_id 4, version 32, address 0xfec00000, GSI 0-23
[    0.000000] ACPI: INT_SRC_OVR (bus 0 bus_irq 0 global_irq 2 dflfl
[    0.00] CPI: INTRCVR (bus b_iq 9 gloalrq9 ow level
   000000] Usig PI(MADT) fr MPcofiuration nfrmtin
[    0.000000] smpboot: Allowing 4 CPUs, 0 hotplug CPUs
[    0.000000] PM: Registered nosave memory: [mem 0x00000000-0x00000fff]
   000000] P: egstre nosave emy:[mm 0x000900-0009fff]
[    .000] M: Regiser nave memoy:me0x000a00-000effff]
[   00000] M: Regiserd osave moy:[mem 0x000f0000-0x000fffff]
[    0.000000] e820: [mem 0x18000000-0xfebfffff] available for PCI devices
[    0.000000] Booting paravirtualized kernel on KVM
[    0.000000] clocksource: refined-jiffies: mask: 0xffffffff max_cycles: 0xffffffff, max_idle_ns: 76455196002115 n
[  0.000] setp_eru:NR_CPS:12nrcpmask_bi:5 n_cpu_i:4r_ode_id1[  00000] PCP Ebeded4 ges/cpuff880170000s908 r8192d346 u2488
[   .000] PV qspnlckhah able entries:256 (orer 0 4096 bytes)
[   0000] Buil 1zoelsts in Noe rdr,mobily oupinon Ttalpas:6632
[   0000] Pliy ne DMA32
  0.0000] Kerl mmand le:OO_IMGEbo/vmlinu-4.040-genec ot=LABEL=coumgootfs ro cnse=ty1 conoltt0
[    .000000]PI hash taleenris:2048 orr:2,16384 byes
   0000000] emry352324K/9260available (8564K kernel code, 1314K rwdata, 4008K rat, 528K it136K s,046K reseed0Kcma-rerv)
[   .000] UBHWlign4,rdr=3,inbjec=0CPs= Nes1
[   0000] Kne/Use pagtaesisatn:enabl
   00000] errchil U mpmeaton.
[  000000	Bildtime adjstment of leaf fanout to 64.
[  0000000	R rstrictngCP fom NR_CPS=12tonr_cpu_ids=4.
[    0.000000] RCU: Adjusting geometry for rcu_fanout_leaf=64, nr_cpu_ids=4
[    0.000000] NR_IRQS:33024 nr_irqs:456 16
[    0.000000] Console: colour VGA+ 80x25
[    0.000000] console [tty1] enabled
[    0.000000] console [ttyS0] enabled
[    0.000000] tsc: Detected 3630.302 MHz processor
[   11.601438] Calibrating delay loop (skipped) preset value.. 7260.60 BogoMIPS (lpj=14521208)
[   11.687783] pid_max: default: 32768 minimum: 301
[   11.692707] ACPI: Core revision 20150930
[   11.734137] ACPI: 2 ACPI AML tables successfully acquired and loaded
[   11.843229] Security Framework initialized
[   11.921072] Yama: becoming mindful.
[   11.933657] AppArmor: AppArmor initialized
[   11.981852] Dentry cache hash table entries: 65536 (order: 7, 524288 bytes)
[   11.995149] Inode-cache hash table entries: 32768 (order: 6, 262144 bytes)
[   11.996090] Mount-cache hash table entries: 1024 (order: 1, 8192 bytes)
[   11.996962] Mountpoint-cache hash table entries: 1024 (order: 1, 8192 bytes)
[   11.998102] Initializing cgroup subsys io
[   12.043290] Initializing cgroup subsys memory
[   12.095370] Initializing cgroup subsys devices
[   12.128707] Initializing cgroup subsys freezer
[   12.176924] Initializing cgroup subsys net_cls
[   12.248772] Initializing cgroup subsys perf_event
[   12.368321] Initializing cgroup subsys net_prio
[   12.385340] Initializing cgroup subsys hugetlb
[   12.438297] Initializing cgroup subsys pids
[   12.509601] mce: CPU supports 0 MCE banks
[   12.564837] Last level iTLB entries: 4KB 1024, 2MB 1024, 4MB 1024
[   12.662242] Last level dTLB entries: 4KB 1024, 2MB 1024, 4MB 1024, 1GB 4
[   12.837791] Spectre V2 : Mitigation: Full generic retpoline
[   12.877657] Spectre V2 : Spectre v2 mitigation: Speculation control IBPB not-supported IBRS not-supported
[   12.878845] Spectre V2 : Spectre v2 / SpectreRSB mitigation: Filling RSB on context switch
[   13.023079] Speculative Store Bypass: Vulnerable
[   13.157212] Freeing SMP alternatives memory: 32K
[   13.192956] ftrace: allocating 32287 entries in 127 pages
[   13.247348] smpboot: APIC(0) Converting physical 0 to logical package 0
[   13.338895] smpboot: Max logical packages: 1
[   13.370659] x2apic enabled
[   13.390048] Switched APIC routing to physical x2apic.
[   13.421310] ..TIMER: vector=0x30 apic1=0 pin1=2 apic2=-1 pin2=-1
[   13.621163] smpboot: CPU0: Intel(R) Core(TM) i3-4170 CPU @ 3.70GHz (family: 0x6, model: 0x3c, stepping: 0x3)
[   13.766817] Performance Events: unsupported p6 CPU model 60 no PMU driver, software events only.
[   13.878481] KVM setup paravirtual spinlock
[   13.932184] x86: Booting SMP configuration:
[   13.932816] .... node  #0, CPUs:      #1
[   13.933565] kvm-clock: cpu 1, msr 0:17fe3041, secondary cpu clock
[   14.009788] mce: CPU supports 0 MCE banks
[   14.064277]  #2
[   14.080221] kvm-clock: cpu 2, msr 0:17fe3081, secondary cpu clock
[   14.148239] mce: CPU supports 0 MCE banks
[   14.186030]  #3
[   14.200559] kvm-clock: cpu 3, msr 0:17fe30c1, secondary cpu clock
[   14.256814] mce: CPU supports 0 MCE banks
[   14.285674] x86: Booted up 1 node, 4 CPUs
[   14.330177] smpboot: Total of 4 processors activated (29042.41 BogoMIPS)
[   14.368293] devtmpfs: initialized
[   14.402066] evm: security.selinux
[   14.424466] evm: security.SMACK64
[   14.443096] evm: security.SMACK64EXEC
[   14.448581] evm: security.SMACK64TRANSMUTE
[   14.494608] evm: security.SMACK64MMAP
[   14.533882] evm: security.ima
[   14.534407] evm: security.capability
[   14.558662] clocksource: jiffies: mask: 0xffffffff max_cycles: 0xffffffff, max_idle_ns: 7645041785100000 ns
[   14.689764] futex hash table entries: 1024 (order: 4, 65536 bytes)
[   14.717382] pinctrl core: initialized pinctrl subsystem
[   14.763022] RTC time:  6:52:05, date: 12/20/18
[   14.811519] NET: Registered protocol family 16
[   14.917382] cpuidle: using governor ladder
[   14.953875] cpuidle: using governor menu
[   15.025071] PCCT header not found.
[   15.059010] ACPI: bus type PCI registered
[   15.084318] acpiphp: ACPI Hot Plug PCI Controller Driver version: 0.5
[   15.136011] PCI: Using configuration type 1 for base access
[   15.199775] ACPI: Added _OSI(Module Device)
[[  15.219645] ACPI: Added _OSI(Processor Device)
[   15.267526] ACPI: Added _OSI(3.0 _SCP Extensions)
[   15.291946] ACPI: Added _OSI(Processor Aggregator Device)
[   15.332419] ACPI: Executed 1 blocks of module-level executable AML code
[   15.381648] ACPI: Interpreter enabled
[   15.384877] ACPI: (supports S0 S5)
[   15.406335] ACPI: Using IOAPIC for interrupt routing
[   11.415318] PCI: Using host bridge windows from ACPI; if necessary, use "pci=nocrs" and report a bug
[   15.518545] ACPI: PCI Root Bridge [PCI0] (domain 0000 [bus 00-ff])
[   15.532501] acpi PNP0A03:00: _OSC: OS supports [ASPM ClockPM Segments MSI]
[   15.562065] acpi PNP0A03:00: _OSC: not requesting OS control; OS requires [ExtendedConfig ASPM ClockPM MSI]
[   15.651422] acpi PNP0A03:00: fail to add MMCONFIG information, can't access extended PCI configuration space under this bridge.
[   15.687305] PCI host bridge to bus 0000:00
[   15.725124] pci_bus 0000:00: root bus resource [io  0x0000-0x0cf7 window]
[   15.778794] pci_bus 0000:00: root bus resource [io  0x0d00-0xffff window]
[   15.779677] pci_bus 0000:00: root bus resource [mem 0x000a0000-0x000bffff window]
[   15.802492] pci_bus 0000:00: root bus resource [mem 0x18000000-0xfdffffff window]
[   15.865491] pci_bus 0000:00: root bus resource [bus 00-ff]
[   15.964008] pci 0000:00:01.1: legacy IDE quirk: reg 0x10: [io  0x01f0-0x01f7]
[   16.043807] pci 0000:00:01.1: legacy IDE quirk: reg 0x14: [io  0x03f6]
[   16.054160] pci 0000:00:01.1: legacy IDE quirk: reg 0x18: [io  0x0170-0x0177]
[   16.056377] pci 0000:00:01.1: legacy IDE quirk: reg 0x1c: [io  0x0376]
[   16.077891] pci 0000:00:07.0: quirk: [io  0x4000-0x403f] claimed by PIIX4 ACPI
[   16.202209] pci 0000:00:07.0: quirk: [io  0x4100-0x410f] claimed by PIIX4 SMB
[   16.245906] ACPI: PCI Interrupt Link [LNKA] (IRQs 5 9 10 *11)
[   16.285813] ACPI: PCI Interrupt Link [LNKB] (IRQs 5 9 *10 11)
[   16.308587] ACPI: PCI Interrupt Link [LNKC] (IRQs 5 *9 10 11)
[   16.358255] ACPI: PCI Interrupt Link [LNKD] (IRQs 5 9 10 *11)
[   16.453005] ACPI: Enabled 2 GPEs in block 00 to 07
[   16.499421] vgaarb: setting as boot device: PCI:0000:00:02.0
[   16.535677] vgaarb: device added: PCI:0000:00:02.0,decodes=io+mem,owns=io+mem,locks=none
[   16.587721] vgaarb: loaded
[   16.601587] vgaarb: bridge control possible 0000:00:02.0
[   16.606635] SCSI subsystem initialized
[   16.628697] ACPI: bus type USB registered
[   16.677335] usbcore: registered new interface driver usbfs
[   16.717901] usbcore: registered new interface driver hub
[   16.746870] usbcore: registered new device driver usb
[   16.783629] PCI: Using ACPI for IRQ routing
[   16.851884] NetLabel: Initializing
[   16.894460] NetLabel:  domain hash size = 128
[   16.903850] NetLabel:  protocols = UNLABELED CIPSOv4
[   16.950447] NetLabel:  unlabeled traffic allowed by default
[   16.952675] amd_nb: Cannot enumerate AMD northbridges
[   16.976269] clocksource: Switched to clocksource kvm-clock
[   17.052846] AppArmor: AppArmor Filesystem Enabled
[  1.102] np PP PIint[ 17583]pn: nPAC: oud  dics[ 17617]loksource: acpi_pm: mask: 0xffffff max_cycles: 0xffffff, max_idle_ns: 2085701024 ns
[  10225] ET Rgiteedprtoolamly2[ 183851 TP stblhe hshtae ntie 46 rd:  3768 bytes)
[ 190568 TP ndastae tres40 (rd:  653bys)
[ 17279TC Hh tablecoigedesblhe 496in40)
  20.497354] UDP hash tbl entries25(oer 1812 te
[   21.026426] UDP-Lite hash table entries: 256 (order: 1, 8192 bytes)
[ 211581NE Risre potolamy 
[  2.646 p 00::00:imin direct PCI/PCI transfers
[  20933 p 00::00:ctatg A MAha wkaun
  2.51] paininitramfs...
  3.19] eeg it mor: 48K  3.39] PLMUetcted, API unit s -3Joes4 ixed counters 10737418240 ms ovfl timer
[ 241800] w uitofoman pp0-core -0oules
[   24.6707 hwun ofomn pkage 2^-0 Joules
[ 24987567] h unit of domain dram 2-0oues
[ 2520289 h ut  doaippgp2^ Jle
[ 25135]laorrt_cos risered platform RTC device (no PNP device found)
[ 26352]cainfolomeryorptn er60ecds[ 26513]clocksource: tsc: mask: 0xffffffffffffffff max_cycles: 0x34542468063, max_idle_ns: 440795236883 ns
[ 277512aut:iniaizg tlk bs (isle
   7.6093] udi: pe=000 audit(145272.590:): initialized[  8.6064 Intiis sst tsted keyring
[   28.6915 HueTLB registered 2 MB page size, pre-allocated 0 pages
[ 28800391] zbud: loaded
[   28.882229] VFS: Disk quotas dquot_6.6.0
[ 280427VFS: quot-cache hash table entries: 512 (order 0, 4096 bytes)
[ 2989024] squashfs: version 4.0 (2009/01/31) Phillip Lougher
[ 29391] fuse init (API version 7.23)
[ 29224]eyypbikerested
[ 29829]llatg A OK and blacklist keyrings.
[   30.311330] Key type asymmetric registered
[   30.341186] Asymmetric key parser 'x509' registered
[   30.388946] Block layer SCSI generic (bsg) driver version 0.4 loaded (major 249)
[   30.452658] io scheduler noop registered
[   30.502360] io schedulereadlineegtere(deult
[  3.785377] io scheduler cfq registered
[   30.879805] pci_hotplug: PCI Hot Plug PCI Core version: 0.5
[  39066 pie: I prs Hot Plug Controller Driver eron: 0.4
[  33805AC:  Aptr C]onin
   31.848725] input: Power Button as /devices/LNXSYSTM:00/LNXPWRBN:00/input/input0
[   31.940916] ACPI: Power Button [PWRF]
[ 31601]np: ee Button as /devices/LNXSYSTM:00/LNXSLPBN:00/input/input1
[   32.286953] ACPI: Sleeputn LP]
[ 32.553522] GHES: HEST is not enabled!
[ 3256966] Serial: 8250/16550 driver, 32 ports, IRQ sharing enabled
[ 32204]0:02: ttyS0 at I/O 0x3f8 (irq = 4, base_baud = 115200) is a 16550A
[ 33247] Linux agpgart interface v0.103
[   33.311261] loop: module loaded
[   33.324126] scsi host0: ata_piix
[   33.351373] scsi ht1 at_pix[  33415]at1:ATma UDMA/33 cmd 0x1f0 ctl 0x3f6 bmdma 0xd000 irq 14
[  33.827819] ata2: PATA max UDMA/33 cmd 0x170 ctl 0x376 bmdma 0xd008 i 1
[ 337136lihyFid DIO Bus: probed
[ 34058]unUnerl N/P vi dve 16
[   34.879583] tun: (C) 1999-2004 Max Krasnyansky <maxk@qualcomm.com>
[ 34970]PPenicdrereron 2.4.2
  35.324055] ei_d:SB.0 'nhce' Hos ConroerEHC Driver
[  358275]hc-pci: EHCIPCplfom ivr[  318698] ehci-pltfrmEHC gerc pltform driver
[   36.567434] ohci_hcd: USB 1.1 'Open' Host Controler(OCI) Driver
[   36.633200] ohci-pci: OHCI PCI platform driver
[ 366649oh-platform: OHCI generic platform driver
[ 36797]hc_hd: USB Universal Host Controller Interface driver
[ 37284]802: P: PS/2 Controller [PNP0303:PS2K,PNP0f03:PS2M] at 0x60,0x64 irq 1,12
[   37.388228] serio: i8042 KBpot  00,64rq
  7.55] erio: i8042 AUX por a0x,04 q 
  8.08] usdev: PS/2 ou diccoonoralmi
  387081rt_cmos rtc_cmos: rtc core: regisrertcm art
  9.31] nput: ATTranslated Set 2 keyboard as /devices/platform/i8042/serio0/input/input2
[   39.37666]rt_cms c_os armup o oe d, 4 tenvm
[   39.943006] i2c /dev entries driver
[   40.062943] device-mapper: uevent: version 1.0.3
[ 40843]eve-mapper: ioctl: 4.34.0-ioctl (2015-10-28) initialised: dm-devel@redhat.com
[ 40.4199] ledtrig-u:registere t iice tity n CPUs
[   40.872444] NET: Registered protocol family 10
[   40.949053] NET: Registered protocol family 17
[   41.030174] Key type dns_resolver registered
[   41.062976] registered taskstats version 1
[   41.142459] Loading compiled-in X.509 certificates
[   41.225292] Loaded X.509 cert 'Build time autogenerated kernel key: 2b5438463a545abf193c13ead155e0657f6c69dd'
[   41.273827] zswap: loaded using pool lzo/zbud
[   41.324644] Key type trusted registered
[   41.387765] Key type encrypted registered
[   41.439306] AppArmor: AppArmor sha1 policy hashing enabled
[   41.530184] ima: No TPM chip found, activating TPM-bypass!
[   41.626188] ima: Allocated hash algorithm: sha1
[   41.710416] evm: HMAC attrs: 0x1
[   41.779874]   Maicnumber: 14:513:873
[   41.721]tcmortcm: ttg st ccko 018-2- 0522 C 54882)[ 42776294] BIOS EDD failty0. 24-n-, decefod  43.30755] D information otvaab. [   43.676690] Freeing unused kernel memory: 1528K
[   43.732304] Write protecting the kernel read-only data: 14336k
[   44.121709] Freeing unused kernel memory: 1664K
[   44.233453] Freeing unused kernel memory: 88K
Loading, please [   44.331545] random: systemd-udevd: uninitialized urandom read (16 bytes read, 6 bits of entropy available)
wait...
startin[   44.332735] random: udevadm: uninitialized urandom read (16 bytes read, 6 bits of entropy available)
g version 229
[   44.332765] random: udevadm: uninitialized urandom read (16 bytes read, 6 bits of entropy available)
[   44.341524] random: udevadm: uninitialized urandom read (16 bytes read, 6 bits of entropy available)
[   44.341570] random: udevadm: uninitialized urandom read (16 bytes read, 6 bits of entropy available)
[   44.341780] random: udevadm: uninitialized urandom read (16 bytes read, 6 bits of entropy available)
[   44.341847] random: udevadm: uninitialized urandom read (16 bytes read, 6 bits of entropy available)
[   44.341910] random: udevadm: uninitialized urandom read (16 bytes read, 6 bits of entropy available)
[   44.341954] random: udevadm: uninitialized urandom read (16 bytes read, 6 bits of entropy available)
[   44.341998] random: udevadm: uninitialized urandom read (16 bytes read, 6 bits of entropy available)
[   51.437246] Fusion MPT base driver 3.04.20
[   51.449358] Copyright (c) 1999-2008 LSI Corporation
[   51.452738] e1000: Intel(R) PRO/1000 Network Driver - version 7.3.21-k8-NAPI
[   51.528784] e1000: Copyright (c) 1999-2006 Intel Corporation.
[   51.556726] Fusion MPT SPI Host driver 3.04.20
[   51.716123] AVX2 version of gcm_enc/dec engaged.
[   51.740556] AES CTR mode by8 optimization enabled
[   51.755245] input: ImExPS/2 Generic Explorer Mouse as /devices/platform/i8042/serio1/input/input4
[   51.906599] e1000 0000:00:03.0 eth0: (PCI:33MHz:32-bit) 02:b4:5c:5b:e6:80
[   52.628579] e1000 0000:00:03.0 eth0: Intel(R) PRO/1000 Network Connection
[   53.917154] e1000 0000:00:08.0 eth1: (PCI:33MHz:32-bit) 08:00:27:1f:c4:2e
[   54.008364] e1000 0000:00:08.0 eth1: Intel(R) PRO/1000 Network Connection
[   54.879080] e1000 0000:00:08.0 enp0s8: renamed from eth1
[   54.880628] mptbase: ioc0: Initiating bringup
[   54.944714] ioc0: LSI53C1030 A0: Capabilities={Initiator}
[   55.020869] e1000 0000:00:03.0 enp0s3: renamed from eth0
[   55.105941] scsi host2: ioc0: LSI53C1030 A0, FwRev=00000000h, Ports=1, MaxQ=256, IRQ=20
[   55.217086] scsi 2:0:0:0: Direct-Access     VBOX     HARDDISK         1.0  PQ: 0 ANSI: 5
[   55.403589] scsi target2:0:0: Beginning Domain Validation
[   55.500171] scsi target2:0:0: Domain Validation skipping write tests
[   55.676646] scsi target2:0:0: Ending Domain Validation
[   55.865925] scsi target2:0:0: asynchronous
[   56.107153] scsi 2:0:1:0: Direct-Access     VBOX     HARDDISK         1.0  PQ: 0 ANSI: 5
[   56.464337] scsi target2:0:1: Beginning Domain Validation
[   56.627794] scsi target2:0:1: Domain Validation skipping write tests
[   56.707918] scsi target2:0:1: Ending Domain Validation
[   56.741849] scsi target2:0:1: asynchronous
[   56.868182] sd 2:0:0:0: Attached scsi generic sg0 type 0
[   56.868727] sd 2:0:0:0: [sda] 20971520 512-byte logical blocks: (10.7 GB/10.0 GiB)
[   56.869265] sd 2:0:0:0: [sda] Write Protect is off
[   56.869569] sd 2:0:0:0: [sda] Incomplete mode parameter data
[   56.869570] sd 2:0:0:0: [sda] Assuming drive cache: write through
[   56.879612]  sda: sda1
[   56.880830] sd 2:0:0:0: [sda] Attached SCSI disk
[   57.992050] sd 2:0:1:0: Attached scsi generic sg1 type 0
[   57.992694] sd 2:0:1:0: [sdb] 20480 512-byte logical blocks: (10.5 MB/10.0 MiB)
[   57.992981] sd 2:0:1:0: [sdb] Write Protect is off
[   57.993154] sd 2:0:1:0: [sdb] Incomplete mode parameter data
[   57.993155] sd 2:0:1:0: [sdb] Assuuing drive cache: write through
[   58.128864] sd 2:0:1:0: [sdb] Attached SCSI disk
Begin: Loading e[   59.760030] md: linear personality registered for level -1
ssential drivers[   59.836516] md: multipath personality registered for level -4
 ... [   59.856884] md: raid0 personality registered for level 0
[   59.871043] md: raid1 personality registered for level 1
[   60.004342] raid6: sse2x1   gen() 10152 MB/s
[   60.132467] raid6: sse2x1   xor()  8256 MB/s
[   60.244433] raid6: sse2x2   gen() 13280 MB/s
[   60.356403] raid6: sse2x2   xor()  8756 MB/s
[   60.492422] raid6: sse2x4   gen() 15185 MB/s
[   60.604417] raid6: sse2x4   xor() 10870 MB/s
[   60.776439] raid6: avx2x1   gen() 20041 MB/s
[   60.896420] raid6: avx2x2   gen() 24806 MB/s
[   61.056401] raid6: avx2x4   gen() 24250 MB/s
[   61.105801] raid6: using algorithm avx2x2 gen() 24806 MB/s
[   61.182597] raid6: using avx2x2 recovery algorithm
[   61.242272] xor: automatically using best checksumming function:
[   61.400404]    avx       : 30049.000 MB/sec
[   61.418019] async_tx: api initialized (async)
[   61.475038] md: raid6 personality registered for level 6
[   61.532780] md: raid5 personality registered for level 5
[   61.565615] md: raid4 personality registered for level 4
[   61.636850] md: raid10 personality registered for level 10
done.
Begin: Running /scripts/init-p[   61.816604] Btrfs loaded
remount ... done.
Begin: Mounting root file system ... Begin: Running /scripts/local-top ... done.
Begin: Running /scripts/local-premount ... Scanning for Btrfs filesystems
done.
Warning: [   61.929468] EXT4-fs (sda1): mounted filesystem with ordered data mode. Opts: (null)
fsck not present, so skipping root file system
done.
Begin: Running /scripts/local-bottom ... done.
Begin: Running /scripts/init-bottom ... done.
[   62.64266]]sssseedd[1]: systemd 229 running in system mode. (+PAM +AUDIT +SELINUX +IMA +APPARMOR +SMACK +SYSVINIT +UTMP +LIBCRYPTSETUP +GCRYPT +GNUTLS +ACL +XZ -LZ4 +SECCOMP +BLKID +ELFUTILS +KMOD -IDN)
[   62.910585] systemd[1]: Detected virtualization oracle.
[   62.966057] systemd[1]: Detected architecture x86-64.

Welcome to [1mUbuntu 16.04.5 LTS[0m!

[   63.051898] systemd[1]: Set hostname to <ubuntu>.
[   63.08531]]ssyseemd[1]: Initialiiiggmmachine ID from random generator.
[   63.774488  yyttmm[[]]  nnstllee  rrnniinnt /etc/machine-id file.
[ 6400517]anm: nnblokig oo isiniiaizd
[   64.770102] systemd[1]: Listening on Journal Socket (/dev/log).
[[0;32m  OK  [0m] Listening on Journal Socket (/dev/log).
[   65.025559] syttmm[[]]  iittnnnn  on /de//nnttttl Compatibility Named Pipe.
[[0;32m  OK  [0m] Listening on /dev/initctl Compatibility Named Pipe.
[   55.576762] systemd[1]: Raachedttrree  nncrypted oouuee..

[[0;32m  OK  [0m] Reached target Encrypted Volumes.
[   66.077069  yyttmm[[]]  iittnnnn  on Journal Audit Sokktt
[[0;32m  OK  [0m] Listening on Journal Audit Socket.
[   66.556820] systemd[1]: Listening on LVM2 poll daemon socket.
[[0;32m  OK  [0m] Listening on LVM2 poll daemon socket.
[   66.853058] systemd[1]: Reached target Sysee  iime Synchronized.
[[0;32m  OK  [0m] Reached target System Time Synchronized.
[   67.240885] systemd[1]: Started Trigger resolvconf update for networkd DNS.
[[0;32m  OK  [0m] Started Trigger resolvconf update for networkd DNS.
[   67.540852] systemd[1]: Liseeiiggoon udev Control Socket.
[[0;32m  OK  [0m] Listening on udev Control Socket.
[   67.888899] syseedd11]:LLsstening on Device-mappe  evnn  aammon FFFss
[[0;32m  OK  [0m] Listening on Device-mapper event daemon FIFOs.
[   6..226666  yyttemd[1]: Created slice User and Session Slice.
[[0;32m  OK  [0m] Created slice User and Session Slice.
[   886644119] systemd[1]: Reached target Swap.
[[0;32m  OK  [0m] Reached target Swap.
[   68.861245] systemd[1]: Created slice System Slice.
[[0;32m  OK  [0m] Created slice System Slice.
[   99004455]]sssseedd[1]: Reccee  aarget llccss.
[[0;32m  OK  [0m] Reached target Slices.
[   69.452691] systemd[1]: Listening on udev Kernel Socket.
[[0;32m  OK  [0m] Listening on udev Kernel Socket.
[ 6980896] systemd[1]: Listeningn VMmeda dmosoet
[[0;32m  OK  [0m] Listening on LVM2 metadata daemon socket.
[   70.416528] systemd[1]: Reached trg Ur d ou Ne okps
[[0;32m  OK  [0m] Reached target User and Group Name Lookups.
[ 70.925043] systemd[1]: Listening on Journal Socket.
[[0;32m  OK  [0m] Listening on Journal Socket.
[   71.170489] systemd[1]: Starting Monitoring of LVM2 mirrors, snapshots etc. using dmeventd or progress polling...
         Starting Monitoring of LVM2 mirrors... dmeventd or progress polling...
[   71.421093] systemd[1]: Starting Remount Root and Kernel File Systems...
         Starting Remount[   71.436039] EXT4-fs (sda1): re-mounted. Opts: (null)
 Root and Kernel File Systems...
[   71.869693] systemd[1]: Starting Nameserver information manager...
         Starting Nameserver information manager...
[   72.579320] systemd[1]: Starting Set console keymap...
         Starting Set console keymap...
[   72.753934] systemd[1]: Starting Create list of required static device nodes for the current kernel...
         Starting Create list of required st... nodes for the current kernel...
[   73.025441] systemd[1]: Mounting Huge Pages File System...
         Mounting Huge Pages File System...
[   73.888915] systemd[1]: Starting Load Kernel Modules...
         Starting Load Kernel Modules...
[   73.995285] systemd[1]: Mounting POSIX Message Queue File System...
         [   74.118008] Loading iSCSI transport class v2.0-870.
Mounting POSIX Message Queue File System...
[   74.425635] iscsi: registered transport (tcp)
[   74.478264] systemd[1]: Set up automount Arbitrary Executable File Formats File System Automount Point.
[[0;32m  OK  [0m] Set up automount Arbitrary Executab...ats Fil[   74.545158] iscsi: registered transport (iser)
e System Automount Point.
[   74.972853] systemd[1]: Starting Uncomplicated firewall...
         Starting Uncomplicated firewall...
[ 750746syem1]: reed slice system-serial\x2dgetty.slice.
[[0;32m  OK  [0m] Created slice system-serial\x2dgetty.slice.
[   75.497055] systemd[1]: Started Forward Password RequsttoWa Decryat. [[0;32m  OK  [0m] Started Forward Password Requests to Wall Directory Watch.
[   75.971270] systemd[1]: Mounting Debug File System...
         Mounting Debug File System...
[   76.060874] systemd[1]: Listening on Syslog Socket.
[[0;32m  OK  [0m] Listening on Syslog Socket.
[   76.376730] systemd[1]: Starting Journal Service...
         Starting Journal Service...
[   76.51394 systd[1]: Mounted Debug File System.
[[0;32m  OK  [0m] Mounted Debug File System.
[ 76.72661] systemd[1]: Mounted POSIX Message Queue File System.
[[0;32m  OK  [0m] Mouuted POSIX Message Queue File System.
[   76.878896] systemd[1]: Mounted Huge Pages File System.
[[0;32m  OK  [0m] Mounted Huge Pages File System.
[   76.969028] systemd[1]: Started Journal Service.
[[0;32m  OK  [0m] Started Journal Service.
[[0;32m  OK  [0m] Started Remount Root and Kernel File Systems.
[[0;32m  OK  [0m] Started Set console keymap.
[[0;32m  OK  [0m] Started Create list of required sta...ce nodes for the current kernel.
[[0;32m  OK  [0m] Started Load Kernel Modules.
[[0;32m  OK  [0m] Started Uncomplicated firewall.
[[0;32m  OK  [0m] Started Nameserver information manager.
[[0;32m  OK  [0m] Started LVM2 metadata daemon.
         Mounting FUSE Control File System...
         Starttng Apply Kernel Variables...
         Starting Create Static Device Nodes in /dev...
         Starting Load/Save Random Seed...
         Starting udev Coldplug all Devices...
         Starting Flush Journal to Persistent Storage...
[[0;32m  OK  [0m] Mounted FUSE Control File System.
[[0;32m  OK  [0m] Started Monitoring of LVM2 mirrors,...ng dmeventd or progress polling.
[[0;32m  OK  [0m] Started Apply Kernel Variables.
[[0;32m  OK  [0m] Started Create Static Device Nodes in /dev.
[[0;32m  OK  [0m] Started Load/SSve Random Seed.
[[0;32m  OK  [0m] Started udev Coldplug all Devices.
         Starting udev Kernel Device Manager...
[[0;32m  OK  [0m] Reached target Local File Systems (Pre).
[[0;32m  OK  [0m] Reached target Local File Systems.
         Starting LSB: AppArmor initialization...
         Starting Commit a transient machine-id on disk...
         Starting Tell Plymouth To Write Out Runtime Data...
         Starting Set console font and keymap...
         Starting Initial cloud-init job (pre-networking)...
[[0;32m  OK  [0m] Started udev Kernel Device Manager.
[[0;32m  OK  [0m] Started Flush Journal to Persistent Storage.
[[0;32m  OK  [0m] Started Commit a transient machine-id on disk.
[[0;32m  OK  [0m] Started Tell Plymouth To Write Out Runtime Data.
[[0;32m  OK  [0m] Found device /dev/ttyS0.
[[0;32m  OK  [0m] Listening on Load/Save RF Kill Switch Status /dev/rfkill Watch.
         Starting Create Volatile Files and Directories...
[[0;32m  OK  [0m] Started Dispatch Password Requests to Console Directory Watch.
[[0;32m  OK  [0m] Started Set console font and keymap.
[[0;32m  OK  [0m] Started Create Volatile Files and Directories.
         Starting Update UTMP about System Boot/Shutdown...
[[0;32m  OK  [0m] Created slice system-getty.slice.
[[0;32m  OK  [0m] Started Update UTMP about System Boot/Shutdown.
[[0;32m  OK  [0m] Started LSB: AppArmor initialization.
[   67.002763] cloud-init[548]: Cloud-init v. 18.4-0ubuntu1~16.04.2 running 'init-local' at Thu, 20 Dec 2018 06:53:13 +0000. Up 66.54 seconds.
[[0;32m  OK  [0m] Started Initial cloud-init job (pre-networking).
[[0;32m  OK  [0m] Reached target Network (Pre).
         Starting Raise network interfaces...
[[0;32m  OK  [0m] Started Raise network interfaces.
[[0;32m  OK  [0m] Reached target Network.
         Starting Initial cloud-init job (metadata service crawler)...
[   70.001218] cloud-init[965]: Cloud-init v. 18.4-0ubuntu1~16.04.2 running 'init' at Thu, 20 Dec 2018 06:53:15 +0000. Up 68.67 seconds.
[   70.172830] cloud-init[965]: ci-info: ++++++++++++++++++++++++++++++++++++++Net device info+++++++++++++++++++++++++++++++++++++++
[   70.173301] cloud-init[965]: ci-info: +--------+-------+----------------------------+---------------+--------+-------------------+
[[0;32m  OK  [0m] Started Initial cloud-init job (metadata service crawler).
[   70.173608] cloud-init[965]: ci-info: | Device |   Up  |          Address           |      Mask     | Scope  |     Hw-Address    |
[   70.853946] cloud-init[965]: ci-info: +--------+-------+----------------------------+---------------+--------+-------------------+
[   70.854436] cloud-init[965]: ci-info: | enp0s3 |  True |         10.0.2.15          | 255.255.255.0 | global | 02:b4:5c:5b:e6:80 |
[[0;32m  OK  [0m] Reached target Network is Online.
[   70.854606] cloud-init[965]: ci-info: | enp0s3 |  True | fe80::b4:5cff:fe5b:e680/64 |       .       |  link  | 02:b4:5c:5b:e6:80 |
[   71.848695] cloud-init[965]: ci-info: | enp0s8 | False |             .              |       .       |   .    | 08:00:27:1f:c4:2e |
[   71.849284] cloud-init[965]: ci-info: |   lo   |  True |         127.0.0.1          |   255.0.0.0   |  host  |         .         |
         Starting iSCSI initiator daemon (iscsid)...
[[   71.849566] cloud-init[965]: ci-info: |   lo   |  True |          ::1/128           |       .       |  host  |         .         |
[0;32m  OK  [0m] Reached target Cloud-config availability.
[   72.197843] cloud-init[965]: ci-info: +--------+-------+----------------------------+---------------+--------+-------------------+
[   72.449485] cloud-init[965]: ci-info: +++++++++++++++++++++++++++Route IPv4 info++++++++++++++++++++++++++++
[   72.450192] cloud-init[965]: ci-info: +-------+-------------+----------+---------------+-----------+-------+
[[0;32m  OK  [0m] Reached target System Initialization.
[   72.450378] cloud-init[965]: ci-info: | Route | Destination | Gateway  |    Genmask    | Interface | Flags |
[[0;32m  OK  [0m] Started Daily Cleanup of Temporary Directories.
[   72.701389] cloud-init[965]: ci-info: +-------+-------------+----------+---------------+-----------+-------+
[   72.842218] cloud-init[965]: ci-info: |   0   |   0.0.0.0   | 10.0.2.2 |    0.0.0.0    |   enp0s3  |   UG  |
[[0;32m  OK  [0m] Listening on UUID daemon activation socket.
[   72.842458] cloud-init[965]: ci-info: |   1   |   10.0.2.0  | 0.0.0.0  | 255.255.255.0 |   enp0s3  |   U   |
[   73.143522] cloud-init[965]: ci-info: +-------+-------------+----------+---------------+-----------+-------+
[   73.143766] cloud-init[965]: ci-info: +++++++++++++++++++Route IPv6 info+++++++++++++++++++
[[0;32m  OK  [0m] Started Daily apt download activities.
[   73.143902] cloud-init[965]: ci-info: +-------+-------------+---------+-----------+-------+
[   73.317704] cloud-init[965]: ci-info: | Route | Destination | Gateway | Interface | Flags |
[[0;32m  OK  [0m] Listening on ACPID Listen Socket.
[   73.318097] cloud-init[965]: ci-info: +-------+-------------+---------+-----------+-------+
[   73.592632] cloud-init[965]: ci-info: |   0   |  fe80::/64  |    ::   |   enp0s3  |   U   |
[[0;32m  OK  [0m] Started ACPI Events Check.
[[   73.593358] cloud-init[965]: ci-info: |   3   |   ff00::/8  |    ::   |   enp0s3  |   U   |
[0;32m  OK  [0m] Reached target Paths.
[   73.697255] cloud-init[965]: ci-info: +-------+-------------+---------+-----------+-------+
[[0;32m  OK  [0m] Started Daily apt upgrade and clean activities.
[[   73.786065] cloud-init[965]: Generating public/private rsa key pair.
[   73.929335] cloud-init[965]: Your identification has been saved in /etc/ssh/ssh_host_rsa_key.
[0;32m  OK  [0m] Listening on D-Bus System Message Bus Socket.
         Starting Socket activation for snappy daemon.
[   73.929471] cloud-init[965]: Your public key has been saved in /etc/ssh/ssh_host_rsa_key.pub.
[   74.880681] cloud-init[965]: The key fingerprint is:
         Starting LXD - unix socket.
[   74.881205] cloud-init[965]: SHA256:UbUGMKQRYck10IOEVvw5fY1COO+zioXhuH+fZnRPvV4 root@ubuntu-xenial
[   75.068498] cloud-init[965]: The key's randomart image is:
[   75.068778] cloud-init[965]: +---[RSA 2048]----+
[[0;32m  OK  [0m] Reached target Timers.
[   75.068870] cloud-init[965]: |     *OX*oo..    |
[   75.248560] cloud-init[965]: |    o.=o=+.. .   |
[   75.248899] cloud-init[965]: |   .  ...B  oo   |
[[0;32m  OK  [0m] Listening on Socket activation for snappy daemon.
[   75.249099] cloud-init[965]: |        +.+.o .  |
[   75.409878] cloud-init[965]: |      . So o   . |
[   75.410146] cloud-init[965]: |     o o  + . . .|
[[0;32m  OK  [0m] Listening on LXD - unix socket.
[   75.410225] cloud-init[965]: |    . o .. + o  E|
[   75.560444] cloud-init[965]: |     . o. +.  ...|
[   75.561006] cloud-init[965]: |    ..o..=o   .. |
[[0;32m  OK  [0m] Started iSCSI initiator daemon (iscsid).
[   75.561166] cloud-init[965]: +----[SHA256]-----+
[   75.736507] cloud-init[965]: Generating public/private dsa key pair.
[   75.736836] cloud-init[965]: Your identification has been saved in /etc/ssh/ssh_host_dsa_key.
         Starting Login to default iSCSI targets...
[[   75.736926] cloud-init[965]: Your public key has been saved in /etc/ssh/ssh_host_dsa_key.pub.
[   76.097015] cloud-init[965]: The key fingerprint is:
[0;32m  OK  [0m] Reached target Sockets.
[   76.097085] cloud-init[965]: SHA256:xPe4U6D8qYM377MePN/7oD82Rk/YEhBijC2HZvs5ggo root@ubuntu-xenial
[   76.291272] cloud-init[965]: The key's randomart image is:
[[0;32m  OK  [0m] Reached target Basic System.
[   76.291397] cloud-init[965]: +---[DSA 1024]----+
[   76.540514] cloud-init[965]: |         =o ..   |
[   76.540782] cloud-init[965]: |       .*.+..    |
         Starting LSB: MD monitoring daemon...
[   76.540927] cloud-init[965]: |       oo+o  .   |
[   76.716432] cloud-init[965]: |       o.o +  .  |
[   76.716730] cloud-init[965]: |       .S...o  + |
         Starting System Logging Service...
[   76.716903] cloud-init[965]: |  E   . .o++  + o|
[   76.868483] cloud-init[965]: |   . . . .O. ..+ |
[   76.904552] cloud-init[965]: |    . . +..= o=..|
[   76.904813] cloud-init[965]: |       ..*=oo++=.|
[[0;32m  OK  [0m] Started Regular background program processing daemon.
[   76.904988] cloud-init[965]: +----[SHA256]-----+
[   77.180518] [[0;32m  OK  [0mcloud-init[965]: Generating public/private ecdsa key pair.
] Started Deferred execution scheduler.
[   77.181057] cloud-init[965]: Your identification has been saved in /etc/ssh/ssh_host_ecdsa_key.
[   77.324116] cloud-init[965]: Your public key has been saved in /etc/ssh/ssh_host_ecdsa_key.pub.
         Starting Pollinate to seed the pseudo random number generator...
[[   77.324655] cloud-init[965]: The key fingerprint is:
[0;32m  OK  [0m] Started Unattended Upgrades Shutdown.
[   77.421133] cloud-init[965]: SHA256:cuLV0JkzaETyE73+Rl1eVCs9Rkm6Q5tJ5cz/KRV0sHU root@ubuntu-xenial
[   77.569761] cloud-init[965]: The key's randomart image is:
[   77.570008] cloud-init[965]: +---[ECDSA 256]---+
         Starting /etc/rc.local Compatibility...
[   77.570130] cloud-init[965]: |      ..+.    o*E|
[   77.732525] cloud-init[965]: |       + +.o  X+=|
[   77.732793] cloud-init[965]: |        * *. =.@ |
[[0;32m  OK  [0m] Started D-Bus System Message Bus.
[   77.732939] cloud-init[965]: |       . +.oo B *|
[   77.856962] cloud-init[965]: |      o S..  B +o|
[   77.857389] cloud-init[965]: |     . =  . . + +|
         Starting Accounts Service...
[   77.857530] cloud-init[965]: |      .    o . ..|
[   77.977005] cloud-init[965]: |            o .  |
         Starting LXD - container startup/shutdown...
[   77.977400] cloud-init[965]: |           .     |
[   78.088638] cloud-init[965]: +----[SHA256]-----+
         Starting Login Service...
[   78.089325] cloud-init[965]: Generating public/private ed25519 key pair.
[   78.212594] cloud-init[965]: Your identification has been saved in /etc/ssh/ssh_host_ed25519_key.
[   78.213038] cloud-init[965]: Your public key has been saved in /etc/ssh/ssh_host_ed25519_key.pub.
         Starting Virtualbox guest utils...
[   78.213217] cloud-init[965]: The key fingerprint is:
[   78.440414] cloud-init[965]: SHA256:V5DQC2yMqvdDkaXLs0TGliwWUSinW7tx0S5N/Gy0Xkg root@ubuntu-xenial
[   78.440723] cloud-init[965]: The key's randomart image is:
[[0;32m  OK  [0m] Started FUSE filesystem for LXC.
[   78.440847] cloud-init[965]: +--[ED25519 256]--+
[   78.482018] cloud-init[965]: |    .+.+.o..     |
[   78.504657] cloud-init[965]: |  . + . * o.     |
         Starting Snappy daemon...
[   78.549056] cloud-init[965]: |   + = O . ..    |
[   78.636678] cloud-init[965]: |  . = % + E.     |
[   78.636968] cloud-init[965]: |   = B BS=.o     |
[[0;32m  OK  [0m] Started ACPI event daemon.
[   78.637129] cloud-init[965]: |  o + O o.* .    |
[   78.842244] cloud-init[965]: |   . B + o .     |
[   78.842629] cloud-init[965]: |    . +   .      |
         Starting LSB: Record successful boot for GRUB...
[   78.842823] cloud-init[965]: |       .         |
[   78.960628] cloud-init[965]: +----[SHA256]-----+
[[0;32m  OK  [0m] Started System Logging Service.
[[0;32m  OK  [0m] Started Pollinate to seed the pseudo random number generator.
[[0;32m  OK  [0m] Started /etc/rc.local Compatibility.
[[0;32m  OK  [0m] Started LXD - container startup/shutdown.
[[0;32m  OK  [0m] Started Snappy daemon.
         Starting Authenticate and Authorize Users to Run Privileged Tasks...
         Starting Wait until snapd is fully seeded...
         Starting OpenBSD Secure Shell server...
[[0;32m  OK  [0m] Started LSB: MD monitoring daemon.
[[0;32m  OK  [0m] Started LSB: Record successful boot for GRUB.
[[0;32m  OK  [0m] Started Login to default iSCSI targets.
[[0;32m  OK  [0m] Started Virtualbox guest utils.
[[0;32m  OK  [0m] Started Login Service.
[[0;32m  OK  [0m] Started OpenBSD Secure Shell server.
[[0;32m  OK  [0m] Started Authenticate and Authorize Users to Run Privileged Tasks.
[[0;32m  OK  [0m] Started Accounts Service.
[[0;32m  OK  [0m] Reached target Remote File Systems (Pre).
[[0;32m  OK  [0m] Reached target Remote File Systems.
         Starting Permit User Sessions...
         Starting LSB: daemon to balance interrupts for SMP systems...
         Starting LSB: Set the CPU Frequency Scaling governor to "ondemand"...
         Starting LSB: automatic crash report generation...
[[0;32m  OK  [0m] Started Permit User Sessions.
[[0;32m  OK  [0m] Created slice User Slice of vagrant.
         Starting User Manager for UID 1000...
[[0;32m  OK  [0m] Started Session 1 of user vagrant.
         Starting Terminate Plymouth Boot Screen...
         Starting Hold until boot process finishes up...
[[0;32m  OK  [0m] Started User Manager for UID 1000.
[[0;32m  OK  [0m] Started LSB: daemon to balance interrupts for SMP systems.
[[0;32m  OK  [0m] Started LSB: Set the CPU Frequency Scaling governor to "ondemand".
[[0;32m  OK  [0m] Started LSB: automatic crash report generation.
[[0;32m  OK  [0m] Started Terminate Plymouth Boot Screen.
[[0;32m  OK  [0m] Started Hold until boot process finishes up.
         Starting Set console scheme...
[[0;32m  OK  [0m] Started Serial Getty on ttyS0.
[[0;32m  OK  [0m] Started Getty on tty1.
[[0;32m  OK  [0m] Reached target Login Prompts.
[[0;32m  OK  [0m] Started Set console scheme.
[[0;32m  OK  [0m] Started Wait until snapd is fully seeded.
         Starting Apply the settings specified in cloud-config...
[[0;32m  OK  [0m] Reached target Multi-User System.
[[0;32m  OK  [0m] Reached target Graphical Interface.
         Starting Update UTMP about System Runlevel Changes...
[[0;32m  OK  [0m] Started Update UTMP about System Runlevel Changes.
[   82.892610] cloud-init[1348]: Generating locales (this might take a while)...
[   84.484449] cloud-init[1348]:   en_US.UTF-8... done
[   84.529091] cloud-init[1348]: Generation complete.
[   85.283375] cloud-init[1348]: Cloud-init v. 18.4-0ubuntu1~16.04.2 running 'modules:config' at Thu, 20 Dec 2018 06:53:29 +0000. Up 82.68 seconds.
[[0;32m  OK  [0m] Started Apply the settings specified in cloud-config.
         Starting Execute cloud user/final scripts...
ci-info: no authorized ssh keys fingerprints found for user ubuntu.
<14>Dec 20 06:53:33 ec2: 
<14>Dec 20 06:53:33 ec2: #############################################################
<14>Dec 20 06:53:33 ec2: -----BEGIN SSH HOST KEY FINGERPRINTS-----
<14>Dec 20 06:53:33 ec2: 1024 SHA256:xPe4U6D8qYM377MePN/7oD82Rk/YEhBijC2HZvs5ggo root@ubuntu-xenial (DSA)
<14>Dec 20 06:53:33 ec2: 256 SHA256:cuLV0JkzaETyE73+Rl1eVCs9Rkm6Q5tJ5cz/KRV0sHU root@ubuntu-xenial (ECDSA)
<14>Dec 20 06:53:33 ec2: 256 SHA256:V5DQC2yMqvdDkaXLs0TGliwWUSinW7tx0S5N/Gy0Xkg root@ubuntu-xenial (ED25519)
<14>Dec 20 06:53:33 ec2: 2048 SHA256:UbUGMKQRYck10IOEVvw5fY1COO+zioXhuH+fZnRPvV4 root@ubuntu-xenial (RSA)
<14>Dec 20 06:53:33 ec2: -----END SSH HOST KEY FINGERPRINTS-----
<14>Dec 20 06:53:33 ec2: #############################################################
------EGIN SSH HOST KEY KEYS-----
ecdsa-sha2-nistp256 AAAAE2VjZHNhLXNoYTItbmlzdHAyNTYAAAAIbmlzdHAyNTYAAABBBFNlX1Oa00WBuqQGACJrSAvTpNt86Jn5hrotQ5p99VkeugFPaOyJxH99uQuToSbUavyxk4cqsBbDzT+TvqLEUR8= root@ubuntu-xenial
ssh-ed25519 AAAAC3NzaC1lZDI1NTE5AAAAIKpI7iTqBH7WfmToTGzIgJFKhozz4JE4CR7EFnX3VXss root@ubuntu-xenial
ssh-rsa AAAAB3NzaC1yc2EAAAADAQABAAABAQDPJC832nIBqyS/BUFSNqOAYkkqPdicXi1Wm2q7gXyWxnk/ua8tzJv30XU8eoMXlkiomu9hn1DOauYgaCvKhwaFzIZ0Ab9ANCtCaAABEMH1ZDxzEDCbn9bnzdxazxatb+PKwQgucZozMvPpQ7xDyS/0WbNuE4dTi3otKbgBuuxQ+Xn6YxTNXOocizz1UMszh4ZgGvhIHjLrCtzrNzkrh98cmCCFZ1/P+JrdwDw+C3sDunCoMNTc8WK1x8OACM+9Fztk6c9kbDnnSHtnE+A1yl/ZfIX8hgcDlFIYfCBpsgYVFowBNWtqgaugC9oKW+ch+GMqBjWRboAN9A6mG6AEE07/ root@ubuntu-xenial
-----END SSH HOST KEY KEYS-----
[   86.359687] cloud-init[1475]: Cloud-init v. 18.4-0ubuntu1~16.04.2 running 'modules:final' at Thu, 20 Dec 2018 06:53:32 +0000. Up 86.09 seconds.
[   86.359935] cloud-init[1475]: ci-info: no authorized ssh keys fingerprints found for user ubuntu.
[   86.360054] cloud-init[1475]: Cloud-init v. 18.4-0ubuntu1~16.04.2 finished at Thu, 20 Dec 2018 06:53:33 +0000. Datasource DataSourceNoCloud [seed=/dev/sdb][dsmode=net].  Up 86.35 seconds

Ubuntu 16.04.5 LTS ubuntu-xenial ttyS0

ubuntu-xenial login: 